<?xml version="1.0" encoding="UTF-8"?>
<coverage generated="1651452005444" clover="3.2.0">
  <project timestamp="1651452005444" name="All files">
    <metrics statements="193" coveredstatements="193" conditionals="84" coveredconditionals="84" methods="43" coveredmethods="43" elements="320" coveredelements="320" complexity="0" loc="193" ncloc="193" packages="1" files="5" classes="5"/>
    <file name="customStorage.ts" path="/home/dm/creations/node/storage-deck/src/customStorage.ts">
      <metrics statements="20" coveredstatements="20" conditionals="2" coveredconditionals="2" methods="6" coveredmethods="6"/>
      <line num="1" count="2" type="stmt"/>
      <line num="7" count="2" type="stmt"/>
      <line num="16" count="2" type="stmt"/>
      <line num="18" count="23" type="stmt"/>
      <line num="19" count="23" type="cond" truecount="2" falsecount="0"/>
      <line num="20" count="4" type="stmt"/>
      <line num="24" count="19" type="stmt"/>
      <line num="27" count="2" type="stmt"/>
      <line num="31" count="20" type="stmt"/>
      <line num="38" count="2" type="stmt"/>
      <line num="42" count="18" type="stmt"/>
      <line num="45" count="2" type="stmt"/>
      <line num="49" count="10" type="stmt"/>
      <line num="52" count="2" type="stmt"/>
      <line num="53" count="24" type="stmt"/>
      <line num="56" count="2" type="stmt"/>
      <line num="57" count="23" type="stmt"/>
      <line num="58" count="23" type="stmt"/>
      <line num="59" count="21" type="stmt"/>
      <line num="61" count="21" type="stmt"/>
    </file>
    <file name="genericFuncs.ts" path="/home/dm/creations/node/storage-deck/src/genericFuncs.ts">
      <metrics statements="60" coveredstatements="60" conditionals="42" coveredconditionals="42" methods="15" coveredmethods="15"/>
      <line num="1" count="2" type="stmt"/>
      <line num="4" count="2" type="stmt"/>
      <line num="5" count="38" type="stmt"/>
      <line num="6" count="87" type="cond" truecount="2" falsecount="0"/>
      <line num="7" count="82" type="stmt"/>
      <line num="8" count="79" type="stmt"/>
      <line num="14" count="2" type="stmt"/>
      <line num="18" count="63" type="cond" truecount="2" falsecount="0"/>
      <line num="19" count="38" type="stmt"/>
      <line num="21" count="25" type="stmt"/>
      <line num="28" count="2" type="stmt"/>
      <line num="33" count="77" type="stmt"/>
      <line num="34" count="77" type="stmt"/>
      <line num="35" count="111" type="cond" truecount="2" falsecount="0"/>
      <line num="36" count="52" type="stmt"/>
      <line num="37" count="52" type="cond" truecount="2" falsecount="0"/>
      <line num="38" count="21" type="stmt"/>
      <line num="41" count="59" type="stmt"/>
      <line num="44" count="59" type="cond" truecount="2" falsecount="0"/>
      <line num="45" count="34" type="stmt"/>
      <line num="46" count="58" type="stmt"/>
      <line num="47" count="58" type="cond" truecount="4" falsecount="0"/>
      <line num="49" count="41" type="stmt"/>
      <line num="54" count="41" type="stmt"/>
      <line num="59" count="25" type="stmt"/>
      <line num="60" count="50" type="cond" truecount="2" falsecount="0"/>
      <line num="61" count="19" type="stmt"/>
      <line num="65" count="19" type="stmt"/>
      <line num="71" count="77" type="cond" truecount="2" falsecount="0"/>
      <line num="73" count="56" type="stmt"/>
      <line num="74" count="56" type="stmt"/>
      <line num="75" count="81" type="cond" truecount="2" falsecount="0"/>
      <line num="76" count="78" type="stmt"/>
      <line num="79" count="56" type="stmt"/>
      <line num="81" count="21" type="stmt"/>
      <line num="84" count="2" type="stmt"/>
      <line num="89" count="107" type="cond" truecount="2" falsecount="0"/>
      <line num="90" count="30" type="stmt"/>
      <line num="91" count="77" type="cond" truecount="2" falsecount="0"/>
      <line num="92" count="30" type="stmt"/>
      <line num="95" count="47" type="stmt"/>
      <line num="99" count="2" type="stmt"/>
      <line num="104" count="26" type="stmt"/>
      <line num="105" count="37" type="cond" truecount="2" falsecount="0"/>
      <line num="106" count="10" type="stmt"/>
      <line num="108" count="27" type="stmt"/>
      <line num="111" count="27" type="cond" truecount="2" falsecount="0"/>
      <line num="112" count="17" type="stmt"/>
      <line num="113" count="32" type="stmt"/>
      <line num="114" count="32" type="cond" truecount="4" falsecount="0"/>
      <line num="115" count="18" type="stmt"/>
      <line num="119" count="10" type="stmt"/>
      <line num="120" count="18" type="cond" truecount="2" falsecount="0"/>
      <line num="121" count="7" type="stmt"/>
      <line num="129" count="2" type="stmt"/>
      <line num="134" count="34" type="cond" truecount="2" falsecount="0"/>
      <line num="135" count="8" type="stmt"/>
      <line num="136" count="26" type="cond" truecount="2" falsecount="0"/>
      <line num="137" count="12" type="stmt"/>
      <line num="139" count="14" type="stmt"/>
    </file>
    <file name="index.ts" path="/home/dm/creations/node/storage-deck/src/index.ts">
      <metrics statements="16" coveredstatements="16" conditionals="0" coveredconditionals="0" methods="0" coveredmethods="0"/>
      <line num="1" count="2" type="stmt"/>
      <line num="10" count="2" type="stmt"/>
      <line num="22" count="2" type="stmt"/>
      <line num="23" count="2" type="stmt"/>
      <line num="24" count="2" type="stmt"/>
      <line num="25" count="2" type="stmt"/>
      <line num="26" count="2" type="stmt"/>
      <line num="27" count="2" type="stmt"/>
      <line num="28" count="2" type="stmt"/>
      <line num="29" count="2" type="stmt"/>
      <line num="30" count="2" type="stmt"/>
      <line num="31" count="2" type="stmt"/>
      <line num="32" count="2" type="stmt"/>
      <line num="33" count="2" type="stmt"/>
      <line num="34" count="2" type="stmt"/>
      <line num="35" count="2" type="stmt"/>
    </file>
    <file name="storageDeck.ts" path="/home/dm/creations/node/storage-deck/src/storageDeck.ts">
      <metrics statements="47" coveredstatements="47" conditionals="24" coveredconditionals="24" methods="10" coveredmethods="10"/>
      <line num="3" count="2" type="stmt"/>
      <line num="4" count="2" type="stmt"/>
      <line num="9" count="2" type="cond" truecount="2" falsecount="0"/>
      <line num="10" count="2" type="stmt"/>
      <line num="11" count="2" type="stmt"/>
      <line num="12" count="2" type="stmt"/>
      <line num="38" count="23" type="stmt"/>
      <line num="40" count="2" type="stmt"/>
      <line num="43" count="23" type="stmt"/>
      <line num="44" count="65" type="cond" truecount="2" falsecount="0"/>
      <line num="45" count="38" type="stmt"/>
      <line num="47" count="27" type="stmt"/>
      <line num="50" count="23" type="stmt"/>
      <line num="51" count="46" type="stmt"/>
      <line num="54" count="23" type="stmt"/>
      <line num="55" count="15" type="cond" truecount="2" falsecount="0"/>
      <line num="56" count="14" type="stmt"/>
      <line num="60" count="23" type="stmt"/>
      <line num="61" count="25" type="stmt"/>
      <line num="70" count="227" type="stmt"/>
      <line num="71" count="227" type="stmt"/>
      <line num="72" count="227" type="cond" truecount="2" falsecount="0"/>
      <line num="73" count="90" type="stmt"/>
      <line num="78" count="2" type="stmt"/>
      <line num="79" count="25" type="cond" truecount="2" falsecount="0"/>
      <line num="81" count="23" type="stmt"/>
      <line num="82" count="23" type="stmt"/>
      <line num="90" count="2" type="stmt"/>
      <line num="91" count="230" type="stmt"/>
      <line num="93" count="230" type="cond" truecount="2" falsecount="0"/>
      <line num="95" count="158" type="cond" truecount="2" falsecount="0"/>
      <line num="97" count="156" type="stmt"/>
      <line num="98" count="156" type="stmt"/>
      <line num="99" count="156" type="cond" truecount="2" falsecount="0"/>
      <line num="101" count="81" type="cond" truecount="2" falsecount="0"/>
      <line num="102" count="10" type="stmt"/>
      <line num="106" count="156" type="cond" truecount="2" falsecount="0"/>
      <line num="108" count="75" type="cond" truecount="2" falsecount="0"/>
      <line num="109" count="9" type="stmt"/>
      <line num="114" count="2" type="stmt"/>
      <line num="115" count="2" type="stmt"/>
      <line num="116" count="2" type="stmt"/>
      <line num="117" count="2" type="stmt"/>
      <line num="124" count="72" type="stmt"/>
      <line num="125" count="72" type="cond" truecount="2" falsecount="0"/>
      <line num="126" count="3" type="stmt"/>
      <line num="129" count="227" type="stmt"/>
    </file>
    <file name="webStorage.ts" path="/home/dm/creations/node/storage-deck/src/webStorage.ts">
      <metrics statements="50" coveredstatements="50" conditionals="16" coveredconditionals="16" methods="12" coveredmethods="12"/>
      <line num="1" count="2" type="stmt"/>
      <line num="3" count="2" type="stmt"/>
      <line num="9" count="2" type="stmt"/>
      <line num="19" count="2" type="stmt"/>
      <line num="24" count="76" type="stmt"/>
      <line num="25" count="76" type="cond" truecount="2" falsecount="0"/>
      <line num="28" count="12" type="stmt"/>
      <line num="29" count="12" type="stmt"/>
      <line num="34" count="12" type="cond" truecount="2" falsecount="0"/>
      <line num="35" count="6" type="stmt"/>
      <line num="37" count="6" type="cond" truecount="2" falsecount="0"/>
      <line num="38" count="2" type="stmt"/>
      <line num="44" count="4" type="stmt"/>
      <line num="46" count="64" type="stmt"/>
      <line num="50" count="2" type="stmt"/>
      <line num="53" count="39" type="stmt"/>
      <line num="60" count="2" type="stmt"/>
      <line num="63" count="37" type="stmt"/>
      <line num="70" count="2" type="stmt"/>
      <line num="75" count="40" type="stmt"/>
      <line num="76" count="40" type="stmt"/>
      <line num="79" count="7" type="cond" truecount="4" falsecount="0"/>
      <line num="80" count="5" type="stmt"/>
      <line num="85" count="5" type="cond" truecount="2" falsecount="0"/>
      <line num="87" count="4" type="stmt"/>
      <line num="89" count="5" type="stmt"/>
      <line num="91" count="2" type="stmt"/>
      <line num="96" count="2" type="stmt"/>
      <line num="99" count="20" type="stmt"/>
      <line num="102" count="2" type="stmt"/>
      <line num="105" count="20" type="stmt"/>
      <line num="108" count="2" type="stmt"/>
      <line num="113" count="22" type="stmt"/>
      <line num="114" count="22" type="cond" truecount="2" falsecount="0"/>
      <line num="117" count="2" type="stmt"/>
      <line num="119" count="22" type="stmt"/>
      <line num="122" count="2" type="stmt"/>
      <line num="123" count="11" type="stmt"/>
      <line num="126" count="2" type="stmt"/>
      <line num="127" count="11" type="stmt"/>
      <line num="130" count="2" type="stmt"/>
      <line num="131" count="22" type="stmt"/>
      <line num="132" count="22" type="cond" truecount="2" falsecount="0"/>
      <line num="133" count="4" type="stmt"/>
      <line num="135" count="4" type="stmt"/>
      <line num="137" count="22" type="stmt"/>
      <line num="140" count="2" type="stmt"/>
      <line num="141" count="12" type="stmt"/>
      <line num="144" count="2" type="stmt"/>
      <line num="145" count="10" type="stmt"/>
    </file>
  </project>
</coverage>
