{"/home/dm/creations/node/storage-deck/src/customStorage.ts": {"path":"/home/dm/creations/node/storage-deck/src/customStorage.ts","statementMap":{"0":{"start":{"line":1,"column":0},"end":{"line":1,"column":null}},"1":{"start":{"line":7,"column":0},"end":{"line":7,"column":null}},"2":{"start":{"line":16,"column":32},"end":{"line":25,"column":1}},"3":{"start":{"line":18,"column":17},"end":{"line":18,"column":64}},"4":{"start":{"line":19,"column":2},"end":{"line":23,"column":null}},"5":{"start":{"line":20,"column":4},"end":{"line":22,"column":6}},"6":{"start":{"line":24,"column":2},"end":{"line":24,"column":31}},"7":{"start":{"line":16,"column":13},"end":{"line":16,"column":32}},"8":{"start":{"line":27,"column":35},"end":{"line":36,"column":1}},"9":{"start":{"line":31,"column":2},"end":{"line":35,"column":4}},"10":{"start":{"line":27,"column":13},"end":{"line":27,"column":35}},"11":{"start":{"line":38,"column":28},"end":{"line":43,"column":1}},"12":{"start":{"line":42,"column":2},"end":{"line":42,"column":71}},"13":{"start":{"line":38,"column":13},"end":{"line":38,"column":28}},"14":{"start":{"line":45,"column":33},"end":{"line":50,"column":1}},"15":{"start":{"line":49,"column":2},"end":{"line":49,"column":78}},"16":{"start":{"line":45,"column":13},"end":{"line":45,"column":33}},"17":{"start":{"line":52,"column":28},"end":{"line":54,"column":1}},"18":{"start":{"line":53,"column":2},"end":{"line":53,"column":48}},"19":{"start":{"line":52,"column":13},"end":{"line":52,"column":28}},"20":{"start":{"line":56,"column":29},"end":{"line":65,"column":1}},"21":{"start":{"line":57,"column":2},"end":{"line":64,"column":null}},"22":{"start":{"line":58,"column":4},"end":{"line":58,"column":30}},"23":{"start":{"line":59,"column":4},"end":{"line":59,"column":40}},"24":{"start":{"line":61,"column":5},"end":{"line":61,"column":45}},"25":{"start":{"line":56,"column":13},"end":{"line":56,"column":29}}},"fnMap":{"0":{"name":"(anonymous_0)","decl":{"start":{"line":16,"column":32},"end":{"line":16,"column":33}},"loc":{"start":{"line":16,"column":49},"end":{"line":25,"column":1}}},"1":{"name":"(anonymous_1)","decl":{"start":{"line":27,"column":35},"end":{"line":27,"column":null}},"loc":{"start":{"line":30,"column":9},"end":{"line":36,"column":1}}},"2":{"name":"(anonymous_2)","decl":{"start":{"line":38,"column":28},"end":{"line":38,"column":null}},"loc":{"start":{"line":41,"column":4},"end":{"line":43,"column":1}}},"3":{"name":"(anonymous_3)","decl":{"start":{"line":45,"column":33},"end":{"line":45,"column":null}},"loc":{"start":{"line":48,"column":4},"end":{"line":50,"column":1}}},"4":{"name":"(anonymous_4)","decl":{"start":{"line":52,"column":28},"end":{"line":52,"column":29}},"loc":{"start":{"line":52,"column":52},"end":{"line":54,"column":1}}},"5":{"name":"(anonymous_5)","decl":{"start":{"line":56,"column":29},"end":{"line":56,"column":30}},"loc":{"start":{"line":56,"column":53},"end":{"line":65,"column":1}}}},"branchMap":{"0":{"loc":{"start":{"line":19,"column":2},"end":{"line":23,"column":null}},"type":"if","locations":[{"start":{"line":19,"column":2},"end":{"line":23,"column":null}}]}},"s":{"0":2,"1":2,"2":2,"3":23,"4":23,"5":4,"6":19,"7":2,"8":2,"9":20,"10":2,"11":2,"12":18,"13":2,"14":2,"15":10,"16":2,"17":2,"18":24,"19":2,"20":2,"21":23,"22":23,"23":21,"24":21,"25":2},"f":{"0":23,"1":20,"2":18,"3":10,"4":24,"5":23},"b":{"0":[4]}}
,"/home/dm/creations/node/storage-deck/src/genericFuncs.ts": {"path":"/home/dm/creations/node/storage-deck/src/genericFuncs.ts","statementMap":{"0":{"start":{"line":1,"column":0},"end":{"line":1,"column":39}},"1":{"start":{"line":4,"column":15},"end":{"line":12,"column":1}},"2":{"start":{"line":5,"column":3},"end":{"line":11,"column":5}},"3":{"start":{"line":6,"column":4},"end":{"line":10,"column":null}},"4":{"start":{"line":7,"column":6},"end":{"line":7,"column":48}},"5":{"start":{"line":8,"column":6},"end":{"line":8,"column":34}},"6":{"start":{"line":14,"column":35},"end":{"line":26,"column":1}},"7":{"start":{"line":18,"column":2},"end":{"line":25,"column":null}},"8":{"start":{"line":19,"column":4},"end":{"line":19,"column":28}},"9":{"start":{"line":21,"column":4},"end":{"line":24,"column":6}},"10":{"start":{"line":14,"column":13},"end":{"line":14,"column":35}},"11":{"start":{"line":28,"column":20},"end":{"line":82,"column":1}},"12":{"start":{"line":33,"column":40},"end":{"line":33,"column":42}},"13":{"start":{"line":34,"column":3},"end":{"line":70,"column":5}},"14":{"start":{"line":35,"column":4},"end":{"line":69,"column":null}},"15":{"start":{"line":36,"column":16},"end":{"line":36,"column":43}},"16":{"start":{"line":37,"column":6},"end":{"line":39,"column":null}},"17":{"start":{"line":38,"column":8},"end":{"line":38,"column":43}},"18":{"start":{"line":41,"column":22},"end":{"line":43,"column":25}},"19":{"start":{"line":44,"column":6},"end":{"line":68,"column":null}},"20":{"start":{"line":45,"column":8},"end":{"line":56,"column":11}},"21":{"start":{"line":46,"column":20},"end":{"line":46,"column":31}},"22":{"start":{"line":47,"column":10},"end":{"line":55,"column":null}},"23":{"start":{"line":49,"column":22},"end":{"line":53,"column":14}},"24":{"start":{"line":54,"column":12},"end":{"line":54,"column":27}},"25":{"start":{"line":59,"column":8},"end":{"line":67,"column":11}},"26":{"start":{"line":60,"column":10},"end":{"line":66,"column":null}},"27":{"start":{"line":61,"column":22},"end":{"line":64,"column":14}},"28":{"start":{"line":65,"column":12},"end":{"line":65,"column":27}},"29":{"start":{"line":71,"column":2},"end":{"line":80,"column":null}},"30":{"start":{"line":73,"column":43},"end":{"line":73,"column":45}},"31":{"start":{"line":74,"column":4},"end":{"line":78,"column":7}},"32":{"start":{"line":75,"column":6},"end":{"line":77,"column":null}},"33":{"start":{"line":75,"column":28},"end":{"line":75,"column":43}},"34":{"start":{"line":76,"column":8},"end":{"line":76,"column":19}},"35":{"start":{"line":79,"column":4},"end":{"line":79,"column":14}},"36":{"start":{"line":81,"column":2},"end":{"line":81,"column":14}},"37":{"start":{"line":84,"column":42},"end":{"line":97,"column":1}},"38":{"start":{"line":89,"column":2},"end":{"line":96,"column":null}},"39":{"start":{"line":90,"column":4},"end":{"line":90,"column":31}},"40":{"start":{"line":91,"column":9},"end":{"line":96,"column":null}},"41":{"start":{"line":92,"column":4},"end":{"line":92,"column":53}},"42":{"start":{"line":95,"column":4},"end":{"line":95,"column":55}},"43":{"start":{"line":84,"column":13},"end":{"line":84,"column":42}},"44":{"start":{"line":99,"column":18},"end":{"line":127,"column":1}},"45":{"start":{"line":104,"column":2},"end":{"line":126,"column":5}},"46":{"start":{"line":105,"column":4},"end":{"line":125,"column":null}},"47":{"start":{"line":106,"column":6},"end":{"line":106,"column":38}},"48":{"start":{"line":108,"column":22},"end":{"line":110,"column":25}},"49":{"start":{"line":111,"column":6},"end":{"line":124,"column":null}},"50":{"start":{"line":112,"column":8},"end":{"line":117,"column":11}},"51":{"start":{"line":113,"column":20},"end":{"line":113,"column":32}},"52":{"start":{"line":114,"column":10},"end":{"line":116,"column":null}},"53":{"start":{"line":115,"column":12},"end":{"line":115,"column":42}},"54":{"start":{"line":119,"column":8},"end":{"line":123,"column":11}},"55":{"start":{"line":120,"column":10},"end":{"line":122,"column":null}},"56":{"start":{"line":121,"column":12},"end":{"line":121,"column":42}},"57":{"start":{"line":129,"column":40},"end":{"line":141,"column":1}},"58":{"start":{"line":134,"column":2},"end":{"line":140,"column":null}},"59":{"start":{"line":135,"column":4},"end":{"line":135,"column":27}},"60":{"start":{"line":136,"column":9},"end":{"line":140,"column":null}},"61":{"start":{"line":137,"column":4},"end":{"line":137,"column":44}},"62":{"start":{"line":139,"column":4},"end":{"line":139,"column":46}},"63":{"start":{"line":129,"column":13},"end":{"line":129,"column":40}}},"fnMap":{"0":{"name":"(anonymous_0)","decl":{"start":{"line":4,"column":15},"end":{"line":4,"column":16}},"loc":{"start":{"line":4,"column":73},"end":{"line":12,"column":1}}},"1":{"name":"(anonymous_1)","decl":{"start":{"line":5,"column":42},"end":{"line":5,"column":44}},"loc":{"start":{"line":5,"column":47},"end":{"line":11,"column":3}}},"2":{"name":"(anonymous_2)","decl":{"start":{"line":14,"column":35},"end":{"line":14,"column":null}},"loc":{"start":{"line":17,"column":4},"end":{"line":26,"column":1}}},"3":{"name":"(anonymous_3)","decl":{"start":{"line":28,"column":20},"end":{"line":28,"column":null}},"loc":{"start":{"line":32,"column":34},"end":{"line":82,"column":1}}},"4":{"name":"(anonymous_4)","decl":{"start":{"line":34,"column":33},"end":{"line":34,"column":35}},"loc":{"start":{"line":34,"column":38},"end":{"line":70,"column":3}}},"5":{"name":"(anonymous_5)","decl":{"start":{"line":45,"column":37},"end":{"line":45,"column":38}},"loc":{"start":{"line":45,"column":41},"end":{"line":56,"column":9}}},"6":{"name":"(anonymous_6)","decl":{"start":{"line":59,"column":37},"end":{"line":59,"column":38}},"loc":{"start":{"line":59,"column":41},"end":{"line":67,"column":9}}},"7":{"name":"(anonymous_7)","decl":{"start":{"line":74,"column":19},"end":{"line":74,"column":20}},"loc":{"start":{"line":74,"column":23},"end":{"line":78,"column":5}}},"8":{"name":"(anonymous_8)","decl":{"start":{"line":75,"column":23},"end":{"line":75,"column":24}},"loc":{"start":{"line":75,"column":28},"end":{"line":75,"column":43}}},"9":{"name":"(anonymous_9)","decl":{"start":{"line":84,"column":42},"end":{"line":84,"column":null}},"loc":{"start":{"line":88,"column":9},"end":{"line":97,"column":1}}},"10":{"name":"(anonymous_10)","decl":{"start":{"line":99,"column":18},"end":{"line":99,"column":null}},"loc":{"start":{"line":103,"column":4},"end":{"line":127,"column":1}}},"11":{"name":"(anonymous_11)","decl":{"start":{"line":104,"column":15},"end":{"line":104,"column":18}},"loc":{"start":{"line":104,"column":21},"end":{"line":126,"column":3}}},"12":{"name":"(anonymous_12)","decl":{"start":{"line":112,"column":37},"end":{"line":112,"column":38}},"loc":{"start":{"line":112,"column":41},"end":{"line":117,"column":9}}},"13":{"name":"(anonymous_13)","decl":{"start":{"line":119,"column":37},"end":{"line":119,"column":38}},"loc":{"start":{"line":119,"column":41},"end":{"line":123,"column":9}}},"14":{"name":"(anonymous_14)","decl":{"start":{"line":129,"column":40},"end":{"line":129,"column":null}},"loc":{"start":{"line":133,"column":4},"end":{"line":141,"column":1}}}},"branchMap":{"0":{"loc":{"start":{"line":6,"column":4},"end":{"line":10,"column":null}},"type":"if","locations":[{"start":{"line":6,"column":4},"end":{"line":10,"column":null}}]},"1":{"loc":{"start":{"line":18,"column":2},"end":{"line":25,"column":null}},"type":"if","locations":[{"start":{"line":18,"column":2},"end":{"line":25,"column":null}},{"start":{"line":20,"column":9},"end":{"line":25,"column":null}}]},"2":{"loc":{"start":{"line":35,"column":4},"end":{"line":69,"column":null}},"type":"if","locations":[{"start":{"line":35,"column":4},"end":{"line":69,"column":null}},{"start":{"line":40,"column":11},"end":{"line":69,"column":null}}]},"3":{"loc":{"start":{"line":37,"column":6},"end":{"line":39,"column":null}},"type":"if","locations":[{"start":{"line":37,"column":6},"end":{"line":39,"column":null}}]},"4":{"loc":{"start":{"line":41,"column":22},"end":{"line":43,"column":25}},"type":"cond-expr","locations":[{"start":{"line":42,"column":10},"end":{"line":42,"column":33}},{"start":{"line":43,"column":10},"end":{"line":43,"column":25}}]},"5":{"loc":{"start":{"line":44,"column":6},"end":{"line":68,"column":null}},"type":"if","locations":[{"start":{"line":44,"column":6},"end":{"line":68,"column":null}},{"start":{"line":57,"column":13},"end":{"line":68,"column":null}}]},"6":{"loc":{"start":{"line":47,"column":10},"end":{"line":55,"column":null}},"type":"if","locations":[{"start":{"line":47,"column":10},"end":{"line":55,"column":null}}]},"7":{"loc":{"start":{"line":47,"column":14},"end":{"line":47,"column":39}},"type":"binary-expr","locations":[{"start":{"line":47,"column":14},"end":{"line":47,"column":24}},{"start":{"line":47,"column":28},"end":{"line":47,"column":39}}]},"8":{"loc":{"start":{"line":60,"column":10},"end":{"line":66,"column":null}},"type":"if","locations":[{"start":{"line":60,"column":10},"end":{"line":66,"column":null}}]},"9":{"loc":{"start":{"line":71,"column":2},"end":{"line":80,"column":null}},"type":"if","locations":[{"start":{"line":71,"column":2},"end":{"line":80,"column":null}}]},"10":{"loc":{"start":{"line":75,"column":6},"end":{"line":77,"column":null}},"type":"if","locations":[{"start":{"line":75,"column":6},"end":{"line":77,"column":null}}]},"11":{"loc":{"start":{"line":89,"column":2},"end":{"line":96,"column":null}},"type":"if","locations":[{"start":{"line":89,"column":2},"end":{"line":96,"column":null}},{"start":{"line":91,"column":9},"end":{"line":96,"column":null}}]},"12":{"loc":{"start":{"line":91,"column":9},"end":{"line":96,"column":null}},"type":"if","locations":[{"start":{"line":91,"column":9},"end":{"line":96,"column":null}},{"start":{"line":93,"column":9},"end":{"line":96,"column":null}}]},"13":{"loc":{"start":{"line":105,"column":4},"end":{"line":125,"column":null}},"type":"if","locations":[{"start":{"line":105,"column":4},"end":{"line":125,"column":null}},{"start":{"line":107,"column":11},"end":{"line":125,"column":null}}]},"14":{"loc":{"start":{"line":108,"column":22},"end":{"line":110,"column":25}},"type":"cond-expr","locations":[{"start":{"line":109,"column":10},"end":{"line":109,"column":33}},{"start":{"line":110,"column":10},"end":{"line":110,"column":25}}]},"15":{"loc":{"start":{"line":111,"column":6},"end":{"line":124,"column":null}},"type":"if","locations":[{"start":{"line":111,"column":6},"end":{"line":124,"column":null}},{"start":{"line":118,"column":13},"end":{"line":124,"column":null}}]},"16":{"loc":{"start":{"line":114,"column":10},"end":{"line":116,"column":null}},"type":"if","locations":[{"start":{"line":114,"column":10},"end":{"line":116,"column":null}}]},"17":{"loc":{"start":{"line":114,"column":14},"end":{"line":114,"column":39}},"type":"binary-expr","locations":[{"start":{"line":114,"column":14},"end":{"line":114,"column":24}},{"start":{"line":114,"column":28},"end":{"line":114,"column":39}}]},"18":{"loc":{"start":{"line":120,"column":10},"end":{"line":122,"column":null}},"type":"if","locations":[{"start":{"line":120,"column":10},"end":{"line":122,"column":null}}]},"19":{"loc":{"start":{"line":134,"column":2},"end":{"line":140,"column":null}},"type":"if","locations":[{"start":{"line":134,"column":2},"end":{"line":140,"column":null}},{"start":{"line":136,"column":9},"end":{"line":140,"column":null}}]},"20":{"loc":{"start":{"line":136,"column":9},"end":{"line":140,"column":null}},"type":"if","locations":[{"start":{"line":136,"column":9},"end":{"line":140,"column":null}},{"start":{"line":138,"column":9},"end":{"line":140,"column":null}}]}},"s":{"0":2,"1":2,"2":38,"3":87,"4":82,"5":79,"6":2,"7":63,"8":38,"9":25,"10":2,"11":2,"12":77,"13":77,"14":111,"15":52,"16":52,"17":21,"18":59,"19":59,"20":34,"21":58,"22":58,"23":41,"24":41,"25":25,"26":50,"27":19,"28":19,"29":77,"30":56,"31":56,"32":81,"33":28,"34":78,"35":56,"36":21,"37":2,"38":107,"39":30,"40":77,"41":30,"42":47,"43":2,"44":2,"45":26,"46":37,"47":10,"48":27,"49":27,"50":17,"51":32,"52":32,"53":18,"54":10,"55":18,"56":7,"57":2,"58":34,"59":8,"60":26,"61":12,"62":14,"63":2},"f":{"0":38,"1":87,"2":63,"3":77,"4":111,"5":58,"6":50,"7":81,"8":28,"9":107,"10":26,"11":37,"12":32,"13":18,"14":34},"b":{"0":[82],"1":[38,25],"2":[52,59],"3":[21],"4":[9,50],"5":[34,25],"6":[41],"7":[58,51],"8":[19],"9":[56],"10":[78],"11":[30,77],"12":[30,47],"13":[10,27],"14":[9,18],"15":[17,10],"16":[18],"17":[32,27],"18":[7],"19":[8,26],"20":[12,14]}}
,"/home/dm/creations/node/storage-deck/src/index.ts": {"path":"/home/dm/creations/node/storage-deck/src/index.ts","statementMap":{"0":{"start":{"line":1,"column":0},"end":{"line":1,"column":null}},"1":{"start":{"line":22,"column":2},"end":{"line":2,"column":null}},"2":{"start":{"line":23,"column":2},"end":{"line":3,"column":null}},"3":{"start":{"line":24,"column":2},"end":{"line":4,"column":null}},"4":{"start":{"line":25,"column":2},"end":{"line":5,"column":null}},"5":{"start":{"line":26,"column":2},"end":{"line":6,"column":null}},"6":{"start":{"line":27,"column":2},"end":{"line":7,"column":null}},"7":{"start":{"line":10,"column":0},"end":{"line":10,"column":null}},"8":{"start":{"line":28,"column":2},"end":{"line":11,"column":null}},"9":{"start":{"line":29,"column":2},"end":{"line":12,"column":null}},"10":{"start":{"line":30,"column":2},"end":{"line":13,"column":null}},"11":{"start":{"line":31,"column":2},"end":{"line":14,"column":null}},"12":{"start":{"line":32,"column":2},"end":{"line":15,"column":null}},"13":{"start":{"line":33,"column":2},"end":{"line":16,"column":null}},"14":{"start":{"line":34,"column":2},"end":{"line":17,"column":null}},"15":{"start":{"line":35,"column":2},"end":{"line":18,"column":null}}},"fnMap":{"0":{"name":"(anonymous_0)","decl":{"start":{"line":22,"column":2},"end":{"line":22,"column":14}},"loc":{"start":{"line":22,"column":2},"end":{"line":2,"column":null}}},"1":{"name":"(anonymous_1)","decl":{"start":{"line":23,"column":2},"end":{"line":23,"column":14}},"loc":{"start":{"line":23,"column":2},"end":{"line":3,"column":null}}},"2":{"name":"(anonymous_2)","decl":{"start":{"line":24,"column":2},"end":{"line":24,"column":18}},"loc":{"start":{"line":24,"column":2},"end":{"line":4,"column":null}}},"3":{"name":"(anonymous_3)","decl":{"start":{"line":25,"column":2},"end":{"line":25,"column":15}},"loc":{"start":{"line":25,"column":2},"end":{"line":5,"column":null}}},"4":{"name":"(anonymous_4)","decl":{"start":{"line":26,"column":2},"end":{"line":26,"column":19}},"loc":{"start":{"line":26,"column":2},"end":{"line":6,"column":null}}},"5":{"name":"(anonymous_5)","decl":{"start":{"line":27,"column":2},"end":{"line":27,"column":21}},"loc":{"start":{"line":27,"column":2},"end":{"line":7,"column":null}}},"6":{"name":"(anonymous_6)","decl":{"start":{"line":28,"column":2},"end":{"line":28,"column":19}},"loc":{"start":{"line":28,"column":2},"end":{"line":11,"column":null}}},"7":{"name":"(anonymous_7)","decl":{"start":{"line":29,"column":2},"end":{"line":29,"column":21}},"loc":{"start":{"line":29,"column":2},"end":{"line":12,"column":null}}},"8":{"name":"(anonymous_8)","decl":{"start":{"line":30,"column":2},"end":{"line":30,"column":19}},"loc":{"start":{"line":30,"column":2},"end":{"line":13,"column":null}}},"9":{"name":"(anonymous_9)","decl":{"start":{"line":31,"column":2},"end":{"line":31,"column":21}},"loc":{"start":{"line":31,"column":2},"end":{"line":14,"column":null}}},"10":{"name":"(anonymous_10)","decl":{"start":{"line":32,"column":2},"end":{"line":32,"column":24}},"loc":{"start":{"line":32,"column":2},"end":{"line":15,"column":null}}},"11":{"name":"(anonymous_11)","decl":{"start":{"line":33,"column":2},"end":{"line":33,"column":26}},"loc":{"start":{"line":33,"column":2},"end":{"line":16,"column":null}}},"12":{"name":"(anonymous_12)","decl":{"start":{"line":34,"column":2},"end":{"line":34,"column":26}},"loc":{"start":{"line":34,"column":2},"end":{"line":17,"column":null}}},"13":{"name":"(anonymous_13)","decl":{"start":{"line":35,"column":2},"end":{"line":35,"column":28}},"loc":{"start":{"line":35,"column":2},"end":{"line":18,"column":null}}}},"branchMap":{},"s":{"0":2,"1":20,"2":3,"3":25,"4":21,"5":12,"6":22,"7":2,"8":22,"9":22,"10":14,"11":12,"12":13,"13":13,"14":41,"15":39},"f":{"0":18,"1":1,"2":23,"3":19,"4":10,"5":20,"6":20,"7":20,"8":12,"9":10,"10":11,"11":11,"12":39,"13":37},"b":{}}
,"/home/dm/creations/node/storage-deck/src/storageDeck.ts": {"path":"/home/dm/creations/node/storage-deck/src/storageDeck.ts","statementMap":{"0":{"start":{"line":3,"column":13},"end":{"line":3,"column":78}},"1":{"start":{"line":4,"column":13},"end":{"line":7,"column":2}},"2":{"start":{"line":9,"column":0},"end":{"line":9,"column":null}},"3":{"start":{"line":10,"column":2},"end":{"line":10,"column":null}},"4":{"start":{"line":11,"column":2},"end":{"line":11,"column":null}},"5":{"start":{"line":12,"column":2},"end":{"line":12,"column":null}},"6":{"start":{"line":38,"column":9},"end":{"line":38,"column":29}},"7":{"start":{"line":43,"column":9},"end":{"line":48,"column":4}},"8":{"start":{"line":44,"column":4},"end":{"line":46,"column":null}},"9":{"start":{"line":45,"column":6},"end":{"line":45,"column":31}},"10":{"start":{"line":47,"column":4},"end":{"line":47,"column":16}},"11":{"start":{"line":50,"column":9},"end":{"line":52,"column":4}},"12":{"start":{"line":51,"column":4},"end":{"line":51,"column":30}},"13":{"start":{"line":54,"column":9},"end":{"line":58,"column":4}},"14":{"start":{"line":55,"column":4},"end":{"line":57,"column":null}},"15":{"start":{"line":56,"column":6},"end":{"line":56,"column":31}},"16":{"start":{"line":60,"column":9},"end":{"line":62,"column":4}},"17":{"start":{"line":61,"column":4},"end":{"line":61,"column":28}},"18":{"start":{"line":40,"column":4},"end":{"line":40,"column":44}},"19":{"start":{"line":70,"column":4},"end":{"line":70,"column":21}},"20":{"start":{"line":71,"column":4},"end":{"line":71,"column":39}},"21":{"start":{"line":72,"column":4},"end":{"line":74,"column":null}},"22":{"start":{"line":73,"column":6},"end":{"line":73,"column":24}},"23":{"start":{"line":78,"column":38},"end":{"line":88,"column":1}},"24":{"start":{"line":79,"column":2},"end":{"line":87,"column":null}},"25":{"start":{"line":81,"column":15},"end":{"line":81,"column":34}},"26":{"start":{"line":82,"column":4},"end":{"line":86,"column":7}},"27":{"start":{"line":78,"column":13},"end":{"line":78,"column":38}},"28":{"start":{"line":90,"column":34},"end":{"line":130,"column":1}},"29":{"start":{"line":91,"column":15},"end":{"line":91,"column":35}},"30":{"start":{"line":93,"column":2},"end":{"line":128,"column":null}},"31":{"start":{"line":95,"column":4},"end":{"line":122,"column":null}},"32":{"start":{"line":97,"column":6},"end":{"line":97,"column":35}},"33":{"start":{"line":98,"column":6},"end":{"line":98,"column":36}},"34":{"start":{"line":99,"column":6},"end":{"line":105,"column":null}},"35":{"start":{"line":101,"column":8},"end":{"line":104,"column":null}},"36":{"start":{"line":102,"column":10},"end":{"line":102,"column":42}},"37":{"start":{"line":106,"column":6},"end":{"line":111,"column":null}},"38":{"start":{"line":108,"column":8},"end":{"line":110,"column":null}},"39":{"start":{"line":109,"column":10},"end":{"line":109,"column":42}},"40":{"start":{"line":114,"column":6},"end":{"line":114,"column":36}},"41":{"start":{"line":115,"column":6},"end":{"line":115,"column":35}},"42":{"start":{"line":116,"column":6},"end":{"line":116,"column":36}},"43":{"start":{"line":117,"column":6},"end":{"line":121,"column":8}},"44":{"start":{"line":124,"column":4},"end":{"line":124,"column":34}},"45":{"start":{"line":125,"column":4},"end":{"line":127,"column":null}},"46":{"start":{"line":126,"column":6},"end":{"line":126,"column":72}},"47":{"start":{"line":129,"column":2},"end":{"line":129,"column":40}},"48":{"start":{"line":90,"column":13},"end":{"line":90,"column":34}}},"fnMap":{"0":{"name":"(anonymous_0)","decl":{"start":{"line":9,"column":0},"end":{"line":9,"column":12}},"loc":{"start":{"line":9,"column":25},"end":{"line":13,"column":1}}},"1":{"name":"(anonymous_1)","decl":{"start":{"line":37,"column":0},"end":{"line":37,"column":6}},"loc":{"start":{"line":37,"column":0},"end":{"line":63,"column":1}}},"2":{"name":"(anonymous_2)","decl":{"start":{"line":43,"column":19},"end":{"line":43,"column":20}},"loc":{"start":{"line":43,"column":35},"end":{"line":48,"column":3}}},"3":{"name":"(anonymous_3)","decl":{"start":{"line":50,"column":19},"end":{"line":50,"column":20}},"loc":{"start":{"line":50,"column":47},"end":{"line":52,"column":3}}},"4":{"name":"(anonymous_4)","decl":{"start":{"line":54,"column":22},"end":{"line":54,"column":23}},"loc":{"start":{"line":54,"column":38},"end":{"line":58,"column":3}}},"5":{"name":"(anonymous_5)","decl":{"start":{"line":60,"column":17},"end":{"line":60,"column":20}},"loc":{"start":{"line":60,"column":22},"end":{"line":62,"column":3}}},"6":{"name":"(anonymous_6)","decl":{"start":{"line":39,"column":2},"end":{"line":39,"column":6}},"loc":{"start":{"line":39,"column":12},"end":{"line":41,"column":3}}},"7":{"name":"(anonymous_7)","decl":{"start":{"line":69,"column":2},"end":{"line":69,"column":14}},"loc":{"start":{"line":69,"column":43},"end":{"line":75,"column":3}}},"8":{"name":"(anonymous_8)","decl":{"start":{"line":78,"column":38},"end":{"line":78,"column":39}},"loc":{"start":{"line":78,"column":52},"end":{"line":88,"column":1}}},"9":{"name":"(anonymous_9)","decl":{"start":{"line":90,"column":34},"end":{"line":90,"column":35}},"loc":{"start":{"line":90,"column":64},"end":{"line":130,"column":1}}}},"branchMap":{"0":{"loc":{"start":{"line":9,"column":12},"end":{"line":9,"column":null}},"type":"binary-expr","locations":[{"start":{"line":9,"column":12},"end":{"line":9,"column":25}},{"start":{"line":9,"column":12},"end":{"line":9,"column":null}}]},"1":{"loc":{"start":{"line":44,"column":4},"end":{"line":46,"column":null}},"type":"if","locations":[{"start":{"line":44,"column":4},"end":{"line":46,"column":null}}]},"2":{"loc":{"start":{"line":55,"column":4},"end":{"line":57,"column":null}},"type":"if","locations":[{"start":{"line":55,"column":4},"end":{"line":57,"column":null}}]},"3":{"loc":{"start":{"line":72,"column":4},"end":{"line":74,"column":null}},"type":"if","locations":[{"start":{"line":72,"column":4},"end":{"line":74,"column":null}}]},"4":{"loc":{"start":{"line":79,"column":2},"end":{"line":87,"column":null}},"type":"if","locations":[{"start":{"line":79,"column":2},"end":{"line":87,"column":null}}]},"5":{"loc":{"start":{"line":93,"column":2},"end":{"line":128,"column":null}},"type":"if","locations":[{"start":{"line":93,"column":2},"end":{"line":128,"column":null}},{"start":{"line":123,"column":9},"end":{"line":128,"column":null}}]},"6":{"loc":{"start":{"line":95,"column":4},"end":{"line":122,"column":null}},"type":"if","locations":[{"start":{"line":95,"column":4},"end":{"line":122,"column":null}},{"start":{"line":112,"column":11},"end":{"line":122,"column":null}}]},"7":{"loc":{"start":{"line":99,"column":6},"end":{"line":105,"column":null}},"type":"if","locations":[{"start":{"line":99,"column":6},"end":{"line":105,"column":null}}]},"8":{"loc":{"start":{"line":101,"column":8},"end":{"line":104,"column":null}},"type":"if","locations":[{"start":{"line":101,"column":8},"end":{"line":104,"column":null}}]},"9":{"loc":{"start":{"line":106,"column":6},"end":{"line":111,"column":null}},"type":"if","locations":[{"start":{"line":106,"column":6},"end":{"line":111,"column":null}}]},"10":{"loc":{"start":{"line":108,"column":8},"end":{"line":110,"column":null}},"type":"if","locations":[{"start":{"line":108,"column":8},"end":{"line":110,"column":null}}]},"11":{"loc":{"start":{"line":125,"column":4},"end":{"line":127,"column":null}},"type":"if","locations":[{"start":{"line":125,"column":4},"end":{"line":127,"column":null}}]}},"s":{"0":2,"1":2,"2":2,"3":2,"4":2,"5":2,"6":23,"7":23,"8":65,"9":38,"10":27,"11":23,"12":46,"13":23,"14":15,"15":14,"16":23,"17":25,"18":2,"19":227,"20":227,"21":227,"22":90,"23":2,"24":25,"25":23,"26":23,"27":2,"28":2,"29":230,"30":230,"31":158,"32":156,"33":156,"34":156,"35":81,"36":10,"37":156,"38":75,"39":9,"40":2,"41":2,"42":2,"43":2,"44":72,"45":72,"46":3,"47":227,"48":2},"f":{"0":2,"1":23,"2":65,"3":46,"4":15,"5":25,"6":2,"7":227,"8":25,"9":230},"b":{"0":[2,2],"1":[38],"2":[14],"3":[90],"4":[23],"5":[158,72],"6":[156,2],"7":[81],"8":[10],"9":[75],"10":[9],"11":[3]}}
,"/home/dm/creations/node/storage-deck/src/webStorage.ts": {"path":"/home/dm/creations/node/storage-deck/src/webStorage.ts","statementMap":{"0":{"start":{"line":1,"column":0},"end":{"line":1,"column":48}},"1":{"start":{"line":3,"column":0},"end":{"line":3,"column":null}},"2":{"start":{"line":9,"column":0},"end":{"line":9,"column":null}},"3":{"start":{"line":19,"column":35},"end":{"line":48,"column":1}},"4":{"start":{"line":24,"column":12},"end":{"line":24,"column":43}},"5":{"start":{"line":25,"column":2},"end":{"line":47,"column":null}},"6":{"start":{"line":28,"column":19},"end":{"line":28,"column":67}},"7":{"start":{"line":29,"column":19},"end":{"line":32,"column":null}},"8":{"start":{"line":34,"column":4},"end":{"line":36,"column":null}},"9":{"start":{"line":35,"column":6},"end":{"line":35,"column":15}},"10":{"start":{"line":37,"column":4},"end":{"line":39,"column":null}},"11":{"start":{"line":38,"column":6},"end":{"line":38,"column":15}},"12":{"start":{"line":44,"column":4},"end":{"line":44,"column":23}},"13":{"start":{"line":46,"column":4},"end":{"line":46,"column":60}},"14":{"start":{"line":50,"column":40},"end":{"line":58,"column":1}},"15":{"start":{"line":53,"column":2},"end":{"line":57,"column":4}},"16":{"start":{"line":50,"column":13},"end":{"line":50,"column":40}},"17":{"start":{"line":60,"column":42},"end":{"line":68,"column":1}},"18":{"start":{"line":63,"column":2},"end":{"line":67,"column":4}},"19":{"start":{"line":60,"column":13},"end":{"line":60,"column":42}},"20":{"start":{"line":70,"column":28},"end":{"line":94,"column":1}},"21":{"start":{"line":75,"column":2},"end":{"line":93,"column":null}},"22":{"start":{"line":76,"column":4},"end":{"line":76,"column":73}},"23":{"start":{"line":79,"column":4},"end":{"line":92,"column":null}},"24":{"start":{"line":80,"column":6},"end":{"line":84,"column":8}},"25":{"start":{"line":85,"column":6},"end":{"line":88,"column":null}},"26":{"start":{"line":87,"column":8},"end":{"line":87,"column":48}},"27":{"start":{"line":89,"column":6},"end":{"line":89,"column":70}},"28":{"start":{"line":91,"column":6},"end":{"line":91,"column":14}},"29":{"start":{"line":96,"column":33},"end":{"line":100,"column":1}},"30":{"start":{"line":99,"column":2},"end":{"line":99,"column":80}},"31":{"start":{"line":96,"column":13},"end":{"line":96,"column":33}},"32":{"start":{"line":102,"column":35},"end":{"line":106,"column":1}},"33":{"start":{"line":105,"column":2},"end":{"line":105,"column":80}},"34":{"start":{"line":102,"column":13},"end":{"line":102,"column":35}},"35":{"start":{"line":108,"column":33},"end":{"line":120,"column":1}},"36":{"start":{"line":113,"column":12},"end":{"line":113,"column":43}},"37":{"start":{"line":114,"column":2},"end":{"line":118,"column":null}},"38":{"start":{"line":117,"column":4},"end":{"line":117,"column":73}},"39":{"start":{"line":119,"column":2},"end":{"line":119,"column":49}},"40":{"start":{"line":122,"column":38},"end":{"line":124,"column":1}},"41":{"start":{"line":123,"column":2},"end":{"line":123,"column":80}},"42":{"start":{"line":122,"column":13},"end":{"line":122,"column":38}},"43":{"start":{"line":126,"column":40},"end":{"line":128,"column":1}},"44":{"start":{"line":127,"column":2},"end":{"line":127,"column":80}},"45":{"start":{"line":126,"column":13},"end":{"line":126,"column":40}},"46":{"start":{"line":130,"column":28},"end":{"line":138,"column":1}},"47":{"start":{"line":131,"column":12},"end":{"line":131,"column":43}},"48":{"start":{"line":132,"column":2},"end":{"line":136,"column":null}},"49":{"start":{"line":133,"column":4},"end":{"line":133,"column":20}},"50":{"start":{"line":135,"column":4},"end":{"line":135,"column":32}},"51":{"start":{"line":137,"column":2},"end":{"line":137,"column":18}},"52":{"start":{"line":140,"column":33},"end":{"line":142,"column":1}},"53":{"start":{"line":141,"column":2},"end":{"line":141,"column":70}},"54":{"start":{"line":140,"column":13},"end":{"line":140,"column":33}},"55":{"start":{"line":144,"column":35},"end":{"line":146,"column":1}},"56":{"start":{"line":145,"column":2},"end":{"line":145,"column":70}},"57":{"start":{"line":144,"column":13},"end":{"line":144,"column":35}}},"fnMap":{"0":{"name":"(anonymous_0)","decl":{"start":{"line":19,"column":35},"end":{"line":19,"column":null}},"loc":{"start":{"line":23,"column":9},"end":{"line":48,"column":1}}},"1":{"name":"(anonymous_1)","decl":{"start":{"line":50,"column":40},"end":{"line":50,"column":null}},"loc":{"start":{"line":52,"column":43},"end":{"line":58,"column":1}}},"2":{"name":"(anonymous_2)","decl":{"start":{"line":60,"column":42},"end":{"line":60,"column":null}},"loc":{"start":{"line":62,"column":43},"end":{"line":68,"column":1}}},"3":{"name":"(anonymous_3)","decl":{"start":{"line":70,"column":28},"end":{"line":70,"column":null}},"loc":{"start":{"line":74,"column":4},"end":{"line":94,"column":1}}},"4":{"name":"(anonymous_4)","decl":{"start":{"line":96,"column":33},"end":{"line":96,"column":null}},"loc":{"start":{"line":98,"column":4},"end":{"line":100,"column":1}}},"5":{"name":"(anonymous_5)","decl":{"start":{"line":102,"column":35},"end":{"line":102,"column":null}},"loc":{"start":{"line":104,"column":4},"end":{"line":106,"column":1}}},"6":{"name":"(anonymous_6)","decl":{"start":{"line":108,"column":33},"end":{"line":108,"column":null}},"loc":{"start":{"line":112,"column":4},"end":{"line":120,"column":1}}},"7":{"name":"(anonymous_7)","decl":{"start":{"line":122,"column":38},"end":{"line":122,"column":39}},"loc":{"start":{"line":122,"column":73},"end":{"line":124,"column":1}}},"8":{"name":"(anonymous_8)","decl":{"start":{"line":126,"column":40},"end":{"line":126,"column":41}},"loc":{"start":{"line":126,"column":75},"end":{"line":128,"column":1}}},"9":{"name":"(anonymous_9)","decl":{"start":{"line":130,"column":28},"end":{"line":130,"column":29}},"loc":{"start":{"line":130,"column":74},"end":{"line":138,"column":1}}},"10":{"name":"(anonymous_10)","decl":{"start":{"line":140,"column":33},"end":{"line":140,"column":36}},"loc":{"start":{"line":140,"column":38},"end":{"line":142,"column":1}}},"11":{"name":"(anonymous_11)","decl":{"start":{"line":144,"column":35},"end":{"line":144,"column":38}},"loc":{"start":{"line":144,"column":40},"end":{"line":146,"column":1}}}},"branchMap":{"0":{"loc":{"start":{"line":25,"column":2},"end":{"line":47,"column":null}},"type":"if","locations":[{"start":{"line":25,"column":2},"end":{"line":47,"column":null}},{"start":{"line":45,"column":9},"end":{"line":47,"column":null}}]},"1":{"loc":{"start":{"line":34,"column":4},"end":{"line":36,"column":null}},"type":"if","locations":[{"start":{"line":34,"column":4},"end":{"line":36,"column":null}}]},"2":{"loc":{"start":{"line":37,"column":4},"end":{"line":39,"column":null}},"type":"if","locations":[{"start":{"line":37,"column":4},"end":{"line":39,"column":null}}]},"3":{"loc":{"start":{"line":79,"column":4},"end":{"line":92,"column":null}},"type":"if","locations":[{"start":{"line":79,"column":4},"end":{"line":92,"column":null}},{"start":{"line":90,"column":11},"end":{"line":92,"column":null}}]},"4":{"loc":{"start":{"line":79,"column":8},"end":{"line":79,"column":68}},"type":"binary-expr","locations":[{"start":{"line":79,"column":8},"end":{"line":79,"column":33}},{"start":{"line":79,"column":37},"end":{"line":79,"column":68}}]},"5":{"loc":{"start":{"line":85,"column":6},"end":{"line":88,"column":null}},"type":"if","locations":[{"start":{"line":85,"column":6},"end":{"line":88,"column":null}}]},"6":{"loc":{"start":{"line":114,"column":2},"end":{"line":118,"column":null}},"type":"if","locations":[{"start":{"line":114,"column":2},"end":{"line":118,"column":null}}]},"7":{"loc":{"start":{"line":132,"column":2},"end":{"line":136,"column":null}},"type":"if","locations":[{"start":{"line":132,"column":2},"end":{"line":136,"column":null}}]}},"s":{"0":2,"1":2,"2":2,"3":2,"4":76,"5":76,"6":12,"7":12,"8":12,"9":6,"10":6,"11":2,"12":4,"13":64,"14":2,"15":39,"16":2,"17":2,"18":37,"19":2,"20":2,"21":40,"22":40,"23":7,"24":5,"25":5,"26":4,"27":5,"28":2,"29":2,"30":20,"31":2,"32":2,"33":20,"34":2,"35":2,"36":22,"37":22,"38":2,"39":22,"40":2,"41":11,"42":2,"43":2,"44":11,"45":2,"46":2,"47":22,"48":22,"49":4,"50":4,"51":22,"52":2,"53":12,"54":2,"55":2,"56":10,"57":2},"f":{"0":76,"1":39,"2":37,"3":40,"4":20,"5":20,"6":22,"7":11,"8":11,"9":22,"10":12,"11":10},"b":{"0":[12,64],"1":[6],"2":[2],"3":[5,2],"4":[7,5],"5":[4],"6":[2],"7":[4]}}
}
