{"/home/dm/creations/node/storage-deck/src/customStorage.ts": {"path":"/home/dm/creations/node/storage-deck/src/customStorage.ts","statementMap":{"0":{"start":{"line":1,"column":0},"end":{"line":1,"column":null}},"1":{"start":{"line":7,"column":0},"end":{"line":7,"column":null}},"2":{"start":{"line":16,"column":13},"end":{"line":25,"column":2}},"3":{"start":{"line":18,"column":17},"end":{"line":18,"column":64}},"4":{"start":{"line":19,"column":2},"end":{"line":23,"column":null}},"5":{"start":{"line":20,"column":4},"end":{"line":22,"column":6}},"6":{"start":{"line":24,"column":2},"end":{"line":24,"column":31}},"7":{"start":{"line":27,"column":13},"end":{"line":36,"column":2}},"8":{"start":{"line":31,"column":2},"end":{"line":35,"column":4}},"9":{"start":{"line":38,"column":13},"end":{"line":43,"column":2}},"10":{"start":{"line":42,"column":2},"end":{"line":42,"column":71}},"11":{"start":{"line":45,"column":13},"end":{"line":50,"column":2}},"12":{"start":{"line":49,"column":2},"end":{"line":49,"column":78}},"13":{"start":{"line":52,"column":13},"end":{"line":54,"column":2}},"14":{"start":{"line":53,"column":2},"end":{"line":53,"column":48}},"15":{"start":{"line":56,"column":13},"end":{"line":65,"column":2}},"16":{"start":{"line":57,"column":2},"end":{"line":64,"column":null}},"17":{"start":{"line":58,"column":4},"end":{"line":58,"column":30}},"18":{"start":{"line":59,"column":4},"end":{"line":59,"column":40}},"19":{"start":{"line":61,"column":5},"end":{"line":61,"column":45}}},"fnMap":{"0":{"name":"(anonymous_0)","decl":{"start":{"line":16,"column":32},"end":{"line":16,"column":33}},"loc":{"start":{"line":16,"column":49},"end":{"line":25,"column":1}}},"1":{"name":"(anonymous_1)","decl":{"start":{"line":27,"column":35},"end":{"line":27,"column":null}},"loc":{"start":{"line":30,"column":9},"end":{"line":36,"column":1}}},"2":{"name":"(anonymous_2)","decl":{"start":{"line":38,"column":28},"end":{"line":38,"column":null}},"loc":{"start":{"line":41,"column":4},"end":{"line":43,"column":1}}},"3":{"name":"(anonymous_3)","decl":{"start":{"line":45,"column":33},"end":{"line":45,"column":null}},"loc":{"start":{"line":48,"column":4},"end":{"line":50,"column":1}}},"4":{"name":"(anonymous_4)","decl":{"start":{"line":52,"column":28},"end":{"line":52,"column":29}},"loc":{"start":{"line":52,"column":52},"end":{"line":54,"column":1}}},"5":{"name":"(anonymous_5)","decl":{"start":{"line":56,"column":29},"end":{"line":56,"column":30}},"loc":{"start":{"line":56,"column":53},"end":{"line":65,"column":1}}}},"branchMap":{"0":{"loc":{"start":{"line":19,"column":2},"end":{"line":23,"column":null}},"type":"if","locations":[{"start":{"line":19,"column":2},"end":{"line":23,"column":null}},{"start":{"line":19,"column":2},"end":{"line":23,"column":null}}]}},"s":{"0":2,"1":2,"2":2,"3":23,"4":23,"5":4,"6":19,"7":2,"8":20,"9":2,"10":18,"11":2,"12":10,"13":2,"14":24,"15":2,"16":23,"17":23,"18":21,"19":21},"f":{"0":23,"1":20,"2":18,"3":10,"4":24,"5":23},"b":{"0":[4,19]}}
,"/home/dm/creations/node/storage-deck/src/genericFuncs.ts": {"path":"/home/dm/creations/node/storage-deck/src/genericFuncs.ts","statementMap":{"0":{"start":{"line":1,"column":0},"end":{"line":1,"column":39}},"1":{"start":{"line":4,"column":15},"end":{"line":12,"column":1}},"2":{"start":{"line":5,"column":3},"end":{"line":11,"column":5}},"3":{"start":{"line":6,"column":4},"end":{"line":10,"column":null}},"4":{"start":{"line":7,"column":6},"end":{"line":7,"column":48}},"5":{"start":{"line":8,"column":6},"end":{"line":8,"column":34}},"6":{"start":{"line":14,"column":13},"end":{"line":26,"column":2}},"7":{"start":{"line":18,"column":2},"end":{"line":25,"column":null}},"8":{"start":{"line":19,"column":4},"end":{"line":19,"column":28}},"9":{"start":{"line":21,"column":4},"end":{"line":24,"column":6}},"10":{"start":{"line":28,"column":20},"end":{"line":82,"column":1}},"11":{"start":{"line":33,"column":40},"end":{"line":33,"column":42}},"12":{"start":{"line":34,"column":3},"end":{"line":70,"column":5}},"13":{"start":{"line":35,"column":4},"end":{"line":69,"column":null}},"14":{"start":{"line":36,"column":16},"end":{"line":36,"column":43}},"15":{"start":{"line":37,"column":6},"end":{"line":39,"column":null}},"16":{"start":{"line":38,"column":8},"end":{"line":38,"column":43}},"17":{"start":{"line":41,"column":22},"end":{"line":43,"column":25}},"18":{"start":{"line":44,"column":6},"end":{"line":68,"column":null}},"19":{"start":{"line":45,"column":8},"end":{"line":56,"column":11}},"20":{"start":{"line":46,"column":20},"end":{"line":46,"column":31}},"21":{"start":{"line":47,"column":10},"end":{"line":55,"column":null}},"22":{"start":{"line":49,"column":22},"end":{"line":53,"column":14}},"23":{"start":{"line":54,"column":12},"end":{"line":54,"column":27}},"24":{"start":{"line":59,"column":8},"end":{"line":67,"column":11}},"25":{"start":{"line":60,"column":10},"end":{"line":66,"column":12}},"26":{"start":{"line":61,"column":22},"end":{"line":64,"column":14}},"27":{"start":{"line":65,"column":12},"end":{"line":65,"column":27}},"28":{"start":{"line":71,"column":2},"end":{"line":80,"column":null}},"29":{"start":{"line":73,"column":43},"end":{"line":73,"column":45}},"30":{"start":{"line":74,"column":4},"end":{"line":78,"column":7}},"31":{"start":{"line":75,"column":6},"end":{"line":77,"column":null}},"32":{"start":{"line":75,"column":28},"end":{"line":75,"column":43}},"33":{"start":{"line":76,"column":8},"end":{"line":76,"column":19}},"34":{"start":{"line":79,"column":4},"end":{"line":79,"column":14}},"35":{"start":{"line":81,"column":2},"end":{"line":81,"column":14}},"36":{"start":{"line":84,"column":13},"end":{"line":97,"column":2}},"37":{"start":{"line":89,"column":2},"end":{"line":96,"column":null}},"38":{"start":{"line":90,"column":4},"end":{"line":90,"column":31}},"39":{"start":{"line":91,"column":9},"end":{"line":96,"column":null}},"40":{"start":{"line":92,"column":4},"end":{"line":92,"column":53}},"41":{"start":{"line":95,"column":4},"end":{"line":95,"column":55}},"42":{"start":{"line":99,"column":18},"end":{"line":127,"column":1}},"43":{"start":{"line":104,"column":2},"end":{"line":126,"column":5}},"44":{"start":{"line":105,"column":4},"end":{"line":125,"column":null}},"45":{"start":{"line":106,"column":6},"end":{"line":106,"column":38}},"46":{"start":{"line":108,"column":22},"end":{"line":110,"column":27}},"47":{"start":{"line":111,"column":6},"end":{"line":124,"column":null}},"48":{"start":{"line":112,"column":8},"end":{"line":117,"column":11}},"49":{"start":{"line":113,"column":20},"end":{"line":113,"column":32}},"50":{"start":{"line":114,"column":10},"end":{"line":116,"column":null}},"51":{"start":{"line":115,"column":12},"end":{"line":115,"column":42}},"52":{"start":{"line":119,"column":8},"end":{"line":123,"column":11}},"53":{"start":{"line":120,"column":10},"end":{"line":122,"column":12}},"54":{"start":{"line":121,"column":12},"end":{"line":121,"column":42}},"55":{"start":{"line":129,"column":13},"end":{"line":141,"column":2}},"56":{"start":{"line":134,"column":2},"end":{"line":140,"column":null}},"57":{"start":{"line":135,"column":4},"end":{"line":135,"column":27}},"58":{"start":{"line":136,"column":9},"end":{"line":140,"column":null}},"59":{"start":{"line":137,"column":4},"end":{"line":137,"column":44}},"60":{"start":{"line":139,"column":4},"end":{"line":139,"column":46}}},"fnMap":{"0":{"name":"(anonymous_0)","decl":{"start":{"line":4,"column":15},"end":{"line":4,"column":16}},"loc":{"start":{"line":4,"column":73},"end":{"line":12,"column":1}}},"1":{"name":"(anonymous_1)","decl":{"start":{"line":5,"column":42},"end":{"line":5,"column":44}},"loc":{"start":{"line":5,"column":47},"end":{"line":11,"column":3}}},"2":{"name":"(anonymous_2)","decl":{"start":{"line":14,"column":35},"end":{"line":14,"column":null}},"loc":{"start":{"line":17,"column":4},"end":{"line":26,"column":1}}},"3":{"name":"(anonymous_3)","decl":{"start":{"line":28,"column":20},"end":{"line":28,"column":null}},"loc":{"start":{"line":32,"column":34},"end":{"line":82,"column":1}}},"4":{"name":"(anonymous_4)","decl":{"start":{"line":34,"column":33},"end":{"line":34,"column":35}},"loc":{"start":{"line":34,"column":38},"end":{"line":70,"column":3}}},"5":{"name":"(anonymous_5)","decl":{"start":{"line":45,"column":37},"end":{"line":45,"column":38}},"loc":{"start":{"line":45,"column":41},"end":{"line":56,"column":9}}},"6":{"name":"(anonymous_6)","decl":{"start":{"line":59,"column":37},"end":{"line":59,"column":38}},"loc":{"start":{"line":59,"column":41},"end":{"line":67,"column":9}}},"7":{"name":"(anonymous_7)","decl":{"start":{"line":74,"column":19},"end":{"line":74,"column":20}},"loc":{"start":{"line":74,"column":23},"end":{"line":78,"column":5}}},"8":{"name":"(anonymous_8)","decl":{"start":{"line":75,"column":23},"end":{"line":75,"column":24}},"loc":{"start":{"line":75,"column":28},"end":{"line":75,"column":43}}},"9":{"name":"(anonymous_9)","decl":{"start":{"line":84,"column":42},"end":{"line":84,"column":null}},"loc":{"start":{"line":88,"column":9},"end":{"line":97,"column":1}}},"10":{"name":"(anonymous_10)","decl":{"start":{"line":99,"column":18},"end":{"line":99,"column":null}},"loc":{"start":{"line":103,"column":4},"end":{"line":127,"column":1}}},"11":{"name":"(anonymous_11)","decl":{"start":{"line":104,"column":15},"end":{"line":104,"column":18}},"loc":{"start":{"line":104,"column":21},"end":{"line":126,"column":3}}},"12":{"name":"(anonymous_12)","decl":{"start":{"line":112,"column":37},"end":{"line":112,"column":38}},"loc":{"start":{"line":112,"column":41},"end":{"line":117,"column":9}}},"13":{"name":"(anonymous_13)","decl":{"start":{"line":119,"column":37},"end":{"line":119,"column":38}},"loc":{"start":{"line":119,"column":41},"end":{"line":123,"column":9}}},"14":{"name":"(anonymous_14)","decl":{"start":{"line":129,"column":40},"end":{"line":129,"column":null}},"loc":{"start":{"line":133,"column":4},"end":{"line":141,"column":1}}}},"branchMap":{"0":{"loc":{"start":{"line":6,"column":4},"end":{"line":10,"column":null}},"type":"if","locations":[{"start":{"line":6,"column":4},"end":{"line":10,"column":null}},{"start":{"line":6,"column":4},"end":{"line":10,"column":null}}]},"1":{"loc":{"start":{"line":18,"column":2},"end":{"line":25,"column":null}},"type":"if","locations":[{"start":{"line":18,"column":2},"end":{"line":25,"column":null}},{"start":{"line":18,"column":2},"end":{"line":25,"column":null}}]},"2":{"loc":{"start":{"line":35,"column":4},"end":{"line":69,"column":null}},"type":"if","locations":[{"start":{"line":35,"column":4},"end":{"line":69,"column":null}},{"start":{"line":35,"column":4},"end":{"line":69,"column":null}}]},"3":{"loc":{"start":{"line":37,"column":6},"end":{"line":39,"column":null}},"type":"if","locations":[{"start":{"line":37,"column":6},"end":{"line":39,"column":null}},{"start":{"line":37,"column":6},"end":{"line":39,"column":null}}]},"4":{"loc":{"start":{"line":42,"column":10},"end":{"line":42,"column":33}},"type":"cond-expr","locations":[{"start":{"line":42,"column":10},"end":{"line":42,"column":33}},{"start":{"line":43,"column":10},"end":{"line":43,"column":25}}]},"5":{"loc":{"start":{"line":44,"column":6},"end":{"line":68,"column":null}},"type":"if","locations":[{"start":{"line":44,"column":6},"end":{"line":68,"column":null}},{"start":{"line":44,"column":6},"end":{"line":68,"column":null}}]},"6":{"loc":{"start":{"line":47,"column":10},"end":{"line":55,"column":null}},"type":"if","locations":[{"start":{"line":47,"column":10},"end":{"line":55,"column":null}},{"start":{"line":47,"column":10},"end":{"line":55,"column":null}}]},"7":{"loc":{"start":{"line":47,"column":14},"end":{"line":47,"column":24}},"type":"binary-expr","locations":[{"start":{"line":47,"column":14},"end":{"line":47,"column":24}},{"start":{"line":47,"column":28},"end":{"line":47,"column":39}}]},"8":{"loc":{"start":{"line":60,"column":10},"end":{"line":66,"column":12}},"type":"if","locations":[{"start":{"line":60,"column":10},"end":{"line":66,"column":12}},{"start":{"line":60,"column":10},"end":{"line":66,"column":12}}]},"9":{"loc":{"start":{"line":71,"column":2},"end":{"line":80,"column":null}},"type":"if","locations":[{"start":{"line":71,"column":2},"end":{"line":80,"column":null}},{"start":{"line":71,"column":2},"end":{"line":80,"column":null}}]},"10":{"loc":{"start":{"line":75,"column":6},"end":{"line":77,"column":null}},"type":"if","locations":[{"start":{"line":75,"column":6},"end":{"line":77,"column":null}},{"start":{"line":75,"column":6},"end":{"line":77,"column":null}}]},"11":{"loc":{"start":{"line":89,"column":2},"end":{"line":96,"column":null}},"type":"if","locations":[{"start":{"line":89,"column":2},"end":{"line":96,"column":null}},{"start":{"line":89,"column":2},"end":{"line":96,"column":null}}]},"12":{"loc":{"start":{"line":91,"column":9},"end":{"line":96,"column":null}},"type":"if","locations":[{"start":{"line":91,"column":9},"end":{"line":96,"column":null}},{"start":{"line":91,"column":9},"end":{"line":96,"column":null}}]},"13":{"loc":{"start":{"line":105,"column":4},"end":{"line":125,"column":null}},"type":"if","locations":[{"start":{"line":105,"column":4},"end":{"line":125,"column":null}},{"start":{"line":105,"column":4},"end":{"line":125,"column":null}}]},"14":{"loc":{"start":{"line":109,"column":12},"end":{"line":109,"column":35}},"type":"cond-expr","locations":[{"start":{"line":109,"column":12},"end":{"line":109,"column":35}},{"start":{"line":110,"column":12},"end":{"line":110,"column":27}}]},"15":{"loc":{"start":{"line":111,"column":6},"end":{"line":124,"column":null}},"type":"if","locations":[{"start":{"line":111,"column":6},"end":{"line":124,"column":null}},{"start":{"line":111,"column":6},"end":{"line":124,"column":null}}]},"16":{"loc":{"start":{"line":114,"column":10},"end":{"line":116,"column":null}},"type":"if","locations":[{"start":{"line":114,"column":10},"end":{"line":116,"column":null}},{"start":{"line":114,"column":10},"end":{"line":116,"column":null}}]},"17":{"loc":{"start":{"line":114,"column":14},"end":{"line":114,"column":24}},"type":"binary-expr","locations":[{"start":{"line":114,"column":14},"end":{"line":114,"column":24}},{"start":{"line":114,"column":28},"end":{"line":114,"column":39}}]},"18":{"loc":{"start":{"line":120,"column":10},"end":{"line":122,"column":12}},"type":"if","locations":[{"start":{"line":120,"column":10},"end":{"line":122,"column":12}},{"start":{"line":120,"column":10},"end":{"line":122,"column":12}}]},"19":{"loc":{"start":{"line":134,"column":2},"end":{"line":140,"column":null}},"type":"if","locations":[{"start":{"line":134,"column":2},"end":{"line":140,"column":null}},{"start":{"line":134,"column":2},"end":{"line":140,"column":null}}]},"20":{"loc":{"start":{"line":136,"column":9},"end":{"line":140,"column":null}},"type":"if","locations":[{"start":{"line":136,"column":9},"end":{"line":140,"column":null}},{"start":{"line":136,"column":9},"end":{"line":140,"column":null}}]}},"s":{"0":2,"1":2,"2":38,"3":87,"4":82,"5":79,"6":2,"7":63,"8":38,"9":25,"10":2,"11":77,"12":77,"13":111,"14":52,"15":52,"16":21,"17":59,"18":59,"19":34,"20":58,"21":58,"22":41,"23":41,"24":25,"25":50,"26":19,"27":19,"28":77,"29":56,"30":56,"31":81,"32":28,"33":78,"34":56,"35":21,"36":2,"37":107,"38":30,"39":77,"40":30,"41":47,"42":2,"43":26,"44":37,"45":10,"46":27,"47":27,"48":17,"49":32,"50":32,"51":18,"52":10,"53":18,"54":7,"55":2,"56":34,"57":8,"58":26,"59":12,"60":14},"f":{"0":38,"1":87,"2":63,"3":77,"4":111,"5":58,"6":50,"7":81,"8":28,"9":107,"10":26,"11":37,"12":32,"13":18,"14":34},"b":{"0":[82,5],"1":[38,25],"2":[52,59],"3":[21,31],"4":[9,50],"5":[34,25],"6":[41,17],"7":[58,51],"8":[19,31],"9":[56,21],"10":[78,3],"11":[30,77],"12":[30,47],"13":[10,27],"14":[9,18],"15":[17,10],"16":[18,14],"17":[32,27],"18":[7,11],"19":[8,26],"20":[12,14]}}
,"/home/dm/creations/node/storage-deck/src/index.ts": {"path":"/home/dm/creations/node/storage-deck/src/index.ts","statementMap":{"0":{"start":{"line":1,"column":0},"end":{"line":1,"column":null}},"1":{"start":{"line":22,"column":2},"end":{"line":2,"column":null}},"2":{"start":{"line":23,"column":2},"end":{"line":3,"column":null}},"3":{"start":{"line":24,"column":2},"end":{"line":4,"column":null}},"4":{"start":{"line":25,"column":2},"end":{"line":5,"column":null}},"5":{"start":{"line":26,"column":2},"end":{"line":6,"column":null}},"6":{"start":{"line":27,"column":2},"end":{"line":7,"column":null}},"7":{"start":{"line":10,"column":0},"end":{"line":10,"column":null}},"8":{"start":{"line":28,"column":2},"end":{"line":11,"column":null}},"9":{"start":{"line":29,"column":2},"end":{"line":12,"column":null}},"10":{"start":{"line":30,"column":2},"end":{"line":13,"column":null}},"11":{"start":{"line":31,"column":2},"end":{"line":14,"column":null}},"12":{"start":{"line":32,"column":2},"end":{"line":15,"column":null}},"13":{"start":{"line":33,"column":2},"end":{"line":16,"column":null}},"14":{"start":{"line":34,"column":2},"end":{"line":17,"column":null}},"15":{"start":{"line":35,"column":2},"end":{"line":18,"column":null}}},"fnMap":{},"branchMap":{},"s":{"0":2,"1":2,"2":2,"3":2,"4":2,"5":2,"6":2,"7":2,"8":2,"9":2,"10":2,"11":2,"12":2,"13":2,"14":2,"15":2},"f":{},"b":{}}
,"/home/dm/creations/node/storage-deck/src/storageDeck.ts": {"path":"/home/dm/creations/node/storage-deck/src/storageDeck.ts","statementMap":{"0":{"start":{"line":3,"column":13},"end":{"line":3,"column":78}},"1":{"start":{"line":4,"column":13},"end":{"line":7,"column":2}},"2":{"start":{"line":9,"column":0},"end":{"line":9,"column":null}},"3":{"start":{"line":10,"column":2},"end":{"line":10,"column":null}},"4":{"start":{"line":11,"column":2},"end":{"line":11,"column":null}},"5":{"start":{"line":12,"column":2},"end":{"line":12,"column":null}},"6":{"start":{"line":38,"column":9},"end":{"line":38,"column":29}},"7":{"start":{"line":43,"column":9},"end":{"line":48,"column":4}},"8":{"start":{"line":44,"column":4},"end":{"line":46,"column":null}},"9":{"start":{"line":45,"column":6},"end":{"line":45,"column":31}},"10":{"start":{"line":47,"column":4},"end":{"line":47,"column":16}},"11":{"start":{"line":50,"column":9},"end":{"line":52,"column":4}},"12":{"start":{"line":51,"column":4},"end":{"line":51,"column":30}},"13":{"start":{"line":54,"column":9},"end":{"line":58,"column":4}},"14":{"start":{"line":55,"column":4},"end":{"line":57,"column":null}},"15":{"start":{"line":56,"column":6},"end":{"line":56,"column":31}},"16":{"start":{"line":60,"column":9},"end":{"line":62,"column":4}},"17":{"start":{"line":61,"column":4},"end":{"line":61,"column":28}},"18":{"start":{"line":40,"column":4},"end":{"line":40,"column":44}},"19":{"start":{"line":70,"column":4},"end":{"line":70,"column":21}},"20":{"start":{"line":71,"column":4},"end":{"line":71,"column":39}},"21":{"start":{"line":72,"column":4},"end":{"line":74,"column":null}},"22":{"start":{"line":73,"column":6},"end":{"line":73,"column":24}},"23":{"start":{"line":78,"column":13},"end":{"line":88,"column":2}},"24":{"start":{"line":79,"column":2},"end":{"line":87,"column":null}},"25":{"start":{"line":81,"column":15},"end":{"line":81,"column":34}},"26":{"start":{"line":82,"column":4},"end":{"line":86,"column":7}},"27":{"start":{"line":90,"column":13},"end":{"line":130,"column":2}},"28":{"start":{"line":91,"column":15},"end":{"line":91,"column":35}},"29":{"start":{"line":93,"column":2},"end":{"line":128,"column":null}},"30":{"start":{"line":95,"column":4},"end":{"line":122,"column":null}},"31":{"start":{"line":97,"column":6},"end":{"line":97,"column":35}},"32":{"start":{"line":98,"column":6},"end":{"line":98,"column":36}},"33":{"start":{"line":99,"column":6},"end":{"line":105,"column":null}},"34":{"start":{"line":101,"column":8},"end":{"line":104,"column":null}},"35":{"start":{"line":102,"column":10},"end":{"line":102,"column":42}},"36":{"start":{"line":106,"column":6},"end":{"line":111,"column":null}},"37":{"start":{"line":108,"column":8},"end":{"line":110,"column":null}},"38":{"start":{"line":109,"column":10},"end":{"line":109,"column":42}},"39":{"start":{"line":114,"column":6},"end":{"line":114,"column":36}},"40":{"start":{"line":115,"column":6},"end":{"line":115,"column":35}},"41":{"start":{"line":116,"column":6},"end":{"line":116,"column":36}},"42":{"start":{"line":117,"column":6},"end":{"line":121,"column":8}},"43":{"start":{"line":124,"column":4},"end":{"line":124,"column":34}},"44":{"start":{"line":125,"column":4},"end":{"line":127,"column":null}},"45":{"start":{"line":126,"column":6},"end":{"line":126,"column":72}},"46":{"start":{"line":129,"column":2},"end":{"line":129,"column":40}}},"fnMap":{"0":{"name":"(anonymous_0)","decl":{"start":{"line":9,"column":0},"end":{"line":9,"column":12}},"loc":{"start":{"line":9,"column":25},"end":{"line":13,"column":1}}},"1":{"name":"(anonymous_1)","decl":{"start":{"line":37,"column":0},"end":{"line":37,"column":6}},"loc":{"start":{"line":37,"column":0},"end":{"line":63,"column":1}}},"2":{"name":"(anonymous_2)","decl":{"start":{"line":43,"column":19},"end":{"line":43,"column":20}},"loc":{"start":{"line":43,"column":35},"end":{"line":48,"column":3}}},"3":{"name":"(anonymous_3)","decl":{"start":{"line":50,"column":19},"end":{"line":50,"column":20}},"loc":{"start":{"line":50,"column":47},"end":{"line":52,"column":3}}},"4":{"name":"(anonymous_4)","decl":{"start":{"line":54,"column":22},"end":{"line":54,"column":23}},"loc":{"start":{"line":54,"column":38},"end":{"line":58,"column":3}}},"5":{"name":"(anonymous_5)","decl":{"start":{"line":60,"column":17},"end":{"line":60,"column":20}},"loc":{"start":{"line":60,"column":22},"end":{"line":62,"column":3}}},"6":{"name":"(anonymous_6)","decl":{"start":{"line":39,"column":2},"end":{"line":39,"column":6}},"loc":{"start":{"line":39,"column":12},"end":{"line":41,"column":3}}},"7":{"name":"(anonymous_7)","decl":{"start":{"line":69,"column":2},"end":{"line":69,"column":14}},"loc":{"start":{"line":69,"column":43},"end":{"line":75,"column":3}}},"8":{"name":"(anonymous_8)","decl":{"start":{"line":78,"column":38},"end":{"line":78,"column":39}},"loc":{"start":{"line":78,"column":52},"end":{"line":88,"column":1}}},"9":{"name":"(anonymous_9)","decl":{"start":{"line":90,"column":34},"end":{"line":90,"column":35}},"loc":{"start":{"line":90,"column":64},"end":{"line":130,"column":1}}}},"branchMap":{"0":{"loc":{"start":{"line":9,"column":12},"end":{"line":9,"column":25}},"type":"binary-expr","locations":[{"start":{"line":9,"column":12},"end":{"line":9,"column":25}},{"start":{"line":9,"column":12},"end":{"line":9,"column":null}}]},"1":{"loc":{"start":{"line":44,"column":4},"end":{"line":46,"column":null}},"type":"if","locations":[{"start":{"line":44,"column":4},"end":{"line":46,"column":null}},{"start":{"line":44,"column":4},"end":{"line":46,"column":null}}]},"2":{"loc":{"start":{"line":55,"column":4},"end":{"line":57,"column":null}},"type":"if","locations":[{"start":{"line":55,"column":4},"end":{"line":57,"column":null}},{"start":{"line":55,"column":4},"end":{"line":57,"column":null}}]},"3":{"loc":{"start":{"line":72,"column":4},"end":{"line":74,"column":null}},"type":"if","locations":[{"start":{"line":72,"column":4},"end":{"line":74,"column":null}},{"start":{"line":72,"column":4},"end":{"line":74,"column":null}}]},"4":{"loc":{"start":{"line":79,"column":2},"end":{"line":87,"column":null}},"type":"if","locations":[{"start":{"line":79,"column":2},"end":{"line":87,"column":null}},{"start":{"line":79,"column":2},"end":{"line":87,"column":null}}]},"5":{"loc":{"start":{"line":93,"column":2},"end":{"line":128,"column":null}},"type":"if","locations":[{"start":{"line":93,"column":2},"end":{"line":128,"column":null}},{"start":{"line":93,"column":2},"end":{"line":128,"column":null}}]},"6":{"loc":{"start":{"line":95,"column":4},"end":{"line":122,"column":null}},"type":"if","locations":[{"start":{"line":95,"column":4},"end":{"line":122,"column":null}},{"start":{"line":95,"column":4},"end":{"line":122,"column":null}}]},"7":{"loc":{"start":{"line":99,"column":6},"end":{"line":105,"column":null}},"type":"if","locations":[{"start":{"line":99,"column":6},"end":{"line":105,"column":null}},{"start":{"line":99,"column":6},"end":{"line":105,"column":null}}]},"8":{"loc":{"start":{"line":101,"column":8},"end":{"line":104,"column":null}},"type":"if","locations":[{"start":{"line":101,"column":8},"end":{"line":104,"column":null}},{"start":{"line":101,"column":8},"end":{"line":104,"column":null}}]},"9":{"loc":{"start":{"line":106,"column":6},"end":{"line":111,"column":null}},"type":"if","locations":[{"start":{"line":106,"column":6},"end":{"line":111,"column":null}},{"start":{"line":106,"column":6},"end":{"line":111,"column":null}}]},"10":{"loc":{"start":{"line":108,"column":8},"end":{"line":110,"column":null}},"type":"if","locations":[{"start":{"line":108,"column":8},"end":{"line":110,"column":null}},{"start":{"line":108,"column":8},"end":{"line":110,"column":null}}]},"11":{"loc":{"start":{"line":125,"column":4},"end":{"line":127,"column":null}},"type":"if","locations":[{"start":{"line":125,"column":4},"end":{"line":127,"column":null}},{"start":{"line":125,"column":4},"end":{"line":127,"column":null}}]}},"s":{"0":2,"1":2,"2":2,"3":2,"4":2,"5":2,"6":23,"7":23,"8":65,"9":38,"10":27,"11":23,"12":46,"13":23,"14":15,"15":14,"16":23,"17":25,"18":2,"19":227,"20":227,"21":227,"22":90,"23":2,"24":25,"25":23,"26":23,"27":2,"28":230,"29":230,"30":158,"31":156,"32":156,"33":156,"34":81,"35":10,"36":156,"37":75,"38":9,"39":2,"40":2,"41":2,"42":2,"43":72,"44":72,"45":3,"46":227},"f":{"0":2,"1":23,"2":65,"3":46,"4":15,"5":25,"6":2,"7":227,"8":25,"9":230},"b":{"0":[2,2],"1":[38,27],"2":[14,1],"3":[90,137],"4":[23,2],"5":[158,72],"6":[156,2],"7":[81,75],"8":[10,71],"9":[75,81],"10":[9,66],"11":[3,69]}}
,"/home/dm/creations/node/storage-deck/src/webStorage.ts": {"path":"/home/dm/creations/node/storage-deck/src/webStorage.ts","statementMap":{"0":{"start":{"line":1,"column":0},"end":{"line":1,"column":48}},"1":{"start":{"line":3,"column":0},"end":{"line":3,"column":null}},"2":{"start":{"line":9,"column":0},"end":{"line":9,"column":null}},"3":{"start":{"line":19,"column":35},"end":{"line":48,"column":1}},"4":{"start":{"line":24,"column":12},"end":{"line":24,"column":43}},"5":{"start":{"line":25,"column":2},"end":{"line":47,"column":null}},"6":{"start":{"line":28,"column":19},"end":{"line":28,"column":67}},"7":{"start":{"line":29,"column":19},"end":{"line":32,"column":null}},"8":{"start":{"line":34,"column":4},"end":{"line":36,"column":null}},"9":{"start":{"line":35,"column":6},"end":{"line":35,"column":15}},"10":{"start":{"line":37,"column":4},"end":{"line":39,"column":null}},"11":{"start":{"line":38,"column":6},"end":{"line":38,"column":15}},"12":{"start":{"line":44,"column":4},"end":{"line":44,"column":23}},"13":{"start":{"line":46,"column":4},"end":{"line":46,"column":60}},"14":{"start":{"line":50,"column":13},"end":{"line":58,"column":2}},"15":{"start":{"line":53,"column":2},"end":{"line":57,"column":4}},"16":{"start":{"line":60,"column":13},"end":{"line":68,"column":2}},"17":{"start":{"line":63,"column":2},"end":{"line":67,"column":4}},"18":{"start":{"line":70,"column":28},"end":{"line":94,"column":1}},"19":{"start":{"line":75,"column":2},"end":{"line":93,"column":null}},"20":{"start":{"line":76,"column":4},"end":{"line":76,"column":73}},"21":{"start":{"line":79,"column":4},"end":{"line":92,"column":null}},"22":{"start":{"line":80,"column":6},"end":{"line":84,"column":8}},"23":{"start":{"line":85,"column":6},"end":{"line":88,"column":null}},"24":{"start":{"line":87,"column":8},"end":{"line":87,"column":48}},"25":{"start":{"line":89,"column":6},"end":{"line":89,"column":70}},"26":{"start":{"line":91,"column":6},"end":{"line":91,"column":14}},"27":{"start":{"line":96,"column":13},"end":{"line":100,"column":2}},"28":{"start":{"line":99,"column":2},"end":{"line":99,"column":80}},"29":{"start":{"line":102,"column":13},"end":{"line":106,"column":2}},"30":{"start":{"line":105,"column":2},"end":{"line":105,"column":80}},"31":{"start":{"line":108,"column":33},"end":{"line":120,"column":1}},"32":{"start":{"line":113,"column":12},"end":{"line":113,"column":43}},"33":{"start":{"line":114,"column":2},"end":{"line":118,"column":null}},"34":{"start":{"line":117,"column":4},"end":{"line":117,"column":73}},"35":{"start":{"line":119,"column":2},"end":{"line":119,"column":49}},"36":{"start":{"line":122,"column":13},"end":{"line":124,"column":2}},"37":{"start":{"line":123,"column":2},"end":{"line":123,"column":80}},"38":{"start":{"line":126,"column":13},"end":{"line":128,"column":2}},"39":{"start":{"line":127,"column":2},"end":{"line":127,"column":80}},"40":{"start":{"line":130,"column":28},"end":{"line":138,"column":1}},"41":{"start":{"line":131,"column":12},"end":{"line":131,"column":43}},"42":{"start":{"line":132,"column":2},"end":{"line":136,"column":null}},"43":{"start":{"line":133,"column":4},"end":{"line":133,"column":20}},"44":{"start":{"line":135,"column":4},"end":{"line":135,"column":32}},"45":{"start":{"line":137,"column":2},"end":{"line":137,"column":18}},"46":{"start":{"line":140,"column":13},"end":{"line":142,"column":2}},"47":{"start":{"line":141,"column":2},"end":{"line":141,"column":70}},"48":{"start":{"line":144,"column":13},"end":{"line":146,"column":2}},"49":{"start":{"line":145,"column":2},"end":{"line":145,"column":70}}},"fnMap":{"0":{"name":"(anonymous_0)","decl":{"start":{"line":19,"column":35},"end":{"line":19,"column":null}},"loc":{"start":{"line":23,"column":9},"end":{"line":48,"column":1}}},"1":{"name":"(anonymous_1)","decl":{"start":{"line":50,"column":40},"end":{"line":50,"column":null}},"loc":{"start":{"line":52,"column":9},"end":{"line":58,"column":1}}},"2":{"name":"(anonymous_2)","decl":{"start":{"line":60,"column":42},"end":{"line":60,"column":null}},"loc":{"start":{"line":62,"column":9},"end":{"line":68,"column":1}}},"3":{"name":"(anonymous_3)","decl":{"start":{"line":70,"column":28},"end":{"line":70,"column":null}},"loc":{"start":{"line":74,"column":4},"end":{"line":94,"column":1}}},"4":{"name":"(anonymous_4)","decl":{"start":{"line":96,"column":33},"end":{"line":96,"column":null}},"loc":{"start":{"line":98,"column":4},"end":{"line":100,"column":1}}},"5":{"name":"(anonymous_5)","decl":{"start":{"line":102,"column":35},"end":{"line":102,"column":null}},"loc":{"start":{"line":104,"column":4},"end":{"line":106,"column":1}}},"6":{"name":"(anonymous_6)","decl":{"start":{"line":108,"column":33},"end":{"line":108,"column":null}},"loc":{"start":{"line":112,"column":4},"end":{"line":120,"column":1}}},"7":{"name":"(anonymous_7)","decl":{"start":{"line":122,"column":38},"end":{"line":122,"column":39}},"loc":{"start":{"line":122,"column":73},"end":{"line":124,"column":1}}},"8":{"name":"(anonymous_8)","decl":{"start":{"line":126,"column":40},"end":{"line":126,"column":41}},"loc":{"start":{"line":126,"column":75},"end":{"line":128,"column":1}}},"9":{"name":"(anonymous_9)","decl":{"start":{"line":130,"column":28},"end":{"line":130,"column":29}},"loc":{"start":{"line":130,"column":74},"end":{"line":138,"column":1}}},"10":{"name":"(anonymous_10)","decl":{"start":{"line":140,"column":33},"end":{"line":140,"column":36}},"loc":{"start":{"line":140,"column":38},"end":{"line":142,"column":1}}},"11":{"name":"(anonymous_11)","decl":{"start":{"line":144,"column":35},"end":{"line":144,"column":38}},"loc":{"start":{"line":144,"column":40},"end":{"line":146,"column":1}}}},"branchMap":{"0":{"loc":{"start":{"line":25,"column":2},"end":{"line":47,"column":null}},"type":"if","locations":[{"start":{"line":25,"column":2},"end":{"line":47,"column":null}},{"start":{"line":25,"column":2},"end":{"line":47,"column":null}}]},"1":{"loc":{"start":{"line":34,"column":4},"end":{"line":36,"column":null}},"type":"if","locations":[{"start":{"line":34,"column":4},"end":{"line":36,"column":null}},{"start":{"line":34,"column":4},"end":{"line":36,"column":null}}]},"2":{"loc":{"start":{"line":37,"column":4},"end":{"line":39,"column":null}},"type":"if","locations":[{"start":{"line":37,"column":4},"end":{"line":39,"column":null}},{"start":{"line":37,"column":4},"end":{"line":39,"column":null}}]},"3":{"loc":{"start":{"line":79,"column":4},"end":{"line":92,"column":null}},"type":"if","locations":[{"start":{"line":79,"column":4},"end":{"line":92,"column":null}},{"start":{"line":79,"column":4},"end":{"line":92,"column":null}}]},"4":{"loc":{"start":{"line":79,"column":8},"end":{"line":79,"column":33}},"type":"binary-expr","locations":[{"start":{"line":79,"column":8},"end":{"line":79,"column":33}},{"start":{"line":79,"column":37},"end":{"line":79,"column":68}}]},"5":{"loc":{"start":{"line":85,"column":6},"end":{"line":88,"column":null}},"type":"if","locations":[{"start":{"line":85,"column":6},"end":{"line":88,"column":null}},{"start":{"line":85,"column":6},"end":{"line":88,"column":null}}]},"6":{"loc":{"start":{"line":114,"column":2},"end":{"line":118,"column":null}},"type":"if","locations":[{"start":{"line":114,"column":2},"end":{"line":118,"column":null}},{"start":{"line":114,"column":2},"end":{"line":118,"column":null}}]},"7":{"loc":{"start":{"line":132,"column":2},"end":{"line":136,"column":null}},"type":"if","locations":[{"start":{"line":132,"column":2},"end":{"line":136,"column":null}},{"start":{"line":132,"column":2},"end":{"line":136,"column":null}}]}},"s":{"0":2,"1":2,"2":2,"3":2,"4":76,"5":76,"6":12,"7":12,"8":12,"9":6,"10":6,"11":2,"12":4,"13":64,"14":2,"15":39,"16":2,"17":37,"18":2,"19":40,"20":40,"21":7,"22":5,"23":5,"24":4,"25":5,"26":2,"27":2,"28":20,"29":2,"30":20,"31":2,"32":22,"33":22,"34":2,"35":22,"36":2,"37":11,"38":2,"39":11,"40":2,"41":22,"42":22,"43":4,"44":4,"45":22,"46":2,"47":12,"48":2,"49":10},"f":{"0":76,"1":39,"2":37,"3":40,"4":20,"5":20,"6":22,"7":11,"8":11,"9":22,"10":12,"11":10},"b":{"0":[12,64],"1":[6,6],"2":[2,4],"3":[5,2],"4":[7,5],"5":[4,1],"6":[2,20],"7":[4,18]}}
}
