TN:
SF:src/customStorage.ts
FN:16,(anonymous_0)
FN:27,(anonymous_1)
FN:38,(anonymous_2)
FN:45,(anonymous_3)
FN:52,(anonymous_4)
FN:56,(anonymous_5)
FNF:6
FNH:6
FNDA:23,(anonymous_0)
FNDA:20,(anonymous_1)
FNDA:18,(anonymous_2)
FNDA:10,(anonymous_3)
FNDA:24,(anonymous_4)
FNDA:23,(anonymous_5)
DA:1,2
DA:7,2
DA:16,2
DA:18,23
DA:19,23
DA:20,4
DA:24,19
DA:27,2
DA:31,20
DA:38,2
DA:42,18
DA:45,2
DA:49,10
DA:52,2
DA:53,24
DA:56,2
DA:57,23
DA:58,23
DA:59,21
DA:61,21
LF:20
LH:20
BRDA:19,0,0,4
BRF:1
BRH:1
end_of_record
TN:
SF:src/genericFuncs.ts
FN:4,(anonymous_0)
FN:5,(anonymous_1)
FN:14,(anonymous_2)
FN:28,(anonymous_3)
FN:34,(anonymous_4)
FN:45,(anonymous_5)
FN:59,(anonymous_6)
FN:74,(anonymous_7)
FN:75,(anonymous_8)
FN:84,(anonymous_9)
FN:99,(anonymous_10)
FN:104,(anonymous_11)
FN:112,(anonymous_12)
FN:119,(anonymous_13)
FN:129,(anonymous_14)
FNF:15
FNH:15
FNDA:38,(anonymous_0)
FNDA:87,(anonymous_1)
FNDA:63,(anonymous_2)
FNDA:77,(anonymous_3)
FNDA:111,(anonymous_4)
FNDA:58,(anonymous_5)
FNDA:50,(anonymous_6)
FNDA:81,(anonymous_7)
FNDA:28,(anonymous_8)
FNDA:107,(anonymous_9)
FNDA:26,(anonymous_10)
FNDA:37,(anonymous_11)
FNDA:32,(anonymous_12)
FNDA:18,(anonymous_13)
FNDA:34,(anonymous_14)
DA:1,2
DA:4,2
DA:5,38
DA:6,87
DA:7,82
DA:8,79
DA:14,2
DA:18,63
DA:19,38
DA:21,25
DA:28,2
DA:33,77
DA:34,77
DA:35,111
DA:36,52
DA:37,52
DA:38,21
DA:41,59
DA:44,59
DA:45,34
DA:46,58
DA:47,58
DA:49,41
DA:54,41
DA:59,25
DA:60,50
DA:61,19
DA:65,19
DA:71,77
DA:73,56
DA:74,56
DA:75,81
DA:76,78
DA:79,56
DA:81,21
DA:84,2
DA:89,107
DA:90,30
DA:91,77
DA:92,30
DA:95,47
DA:99,2
DA:104,26
DA:105,37
DA:106,10
DA:108,27
DA:111,27
DA:112,17
DA:113,32
DA:114,32
DA:115,18
DA:119,10
DA:120,18
DA:121,7
DA:129,2
DA:134,34
DA:135,8
DA:136,26
DA:137,12
DA:139,14
LF:60
LH:60
BRDA:6,0,0,82
BRDA:18,1,0,38
BRDA:18,1,1,25
BRDA:35,2,0,52
BRDA:35,2,1,59
BRDA:37,3,0,21
BRDA:41,4,0,9
BRDA:41,4,1,50
BRDA:44,5,0,34
BRDA:44,5,1,25
BRDA:47,6,0,41
BRDA:47,7,0,58
BRDA:47,7,1,51
BRDA:60,8,0,19
BRDA:71,9,0,56
BRDA:75,10,0,78
BRDA:89,11,0,30
BRDA:89,11,1,77
BRDA:91,12,0,30
BRDA:91,12,1,47
BRDA:105,13,0,10
BRDA:105,13,1,27
BRDA:108,14,0,9
BRDA:108,14,1,18
BRDA:111,15,0,17
BRDA:111,15,1,10
BRDA:114,16,0,18
BRDA:114,17,0,32
BRDA:114,17,1,27
BRDA:120,18,0,7
BRDA:134,19,0,8
BRDA:134,19,1,26
BRDA:136,20,0,12
BRDA:136,20,1,14
BRF:34
BRH:34
end_of_record
TN:
SF:src/index.ts
FN:22,(anonymous_0)
FN:23,(anonymous_1)
FN:24,(anonymous_2)
FN:25,(anonymous_3)
FN:26,(anonymous_4)
FN:27,(anonymous_5)
FN:28,(anonymous_6)
FN:29,(anonymous_7)
FN:30,(anonymous_8)
FN:31,(anonymous_9)
FN:32,(anonymous_10)
FN:33,(anonymous_11)
FN:34,(anonymous_12)
FN:35,(anonymous_13)
FNF:14
FNH:14
FNDA:18,(anonymous_0)
FNDA:1,(anonymous_1)
FNDA:23,(anonymous_2)
FNDA:19,(anonymous_3)
FNDA:10,(anonymous_4)
FNDA:20,(anonymous_5)
FNDA:20,(anonymous_6)
FNDA:20,(anonymous_7)
FNDA:12,(anonymous_8)
FNDA:10,(anonymous_9)
FNDA:11,(anonymous_10)
FNDA:11,(anonymous_11)
FNDA:39,(anonymous_12)
FNDA:37,(anonymous_13)
DA:1,2
DA:10,2
DA:22,20
DA:23,3
DA:24,25
DA:25,21
DA:26,12
DA:27,22
DA:28,22
DA:29,22
DA:30,14
DA:31,12
DA:32,13
DA:33,13
DA:34,41
DA:35,39
LF:16
LH:16
BRF:0
BRH:0
end_of_record
TN:
SF:src/storageDeck.ts
FN:9,(anonymous_0)
FN:37,(anonymous_1)
FN:43,(anonymous_2)
FN:50,(anonymous_3)
FN:54,(anonymous_4)
FN:60,(anonymous_5)
FN:39,(anonymous_6)
FN:69,(anonymous_7)
FN:78,(anonymous_8)
FN:90,(anonymous_9)
FNF:10
FNH:10
FNDA:2,(anonymous_0)
FNDA:23,(anonymous_1)
FNDA:65,(anonymous_2)
FNDA:46,(anonymous_3)
FNDA:15,(anonymous_4)
FNDA:25,(anonymous_5)
FNDA:2,(anonymous_6)
FNDA:227,(anonymous_7)
FNDA:25,(anonymous_8)
FNDA:230,(anonymous_9)
DA:3,2
DA:4,2
DA:9,2
DA:10,2
DA:11,2
DA:12,2
DA:38,23
DA:40,2
DA:43,23
DA:44,65
DA:45,38
DA:47,27
DA:50,23
DA:51,46
DA:54,23
DA:55,15
DA:56,14
DA:60,23
DA:61,25
DA:70,227
DA:71,227
DA:72,227
DA:73,90
DA:78,2
DA:79,25
DA:81,23
DA:82,23
DA:90,2
DA:91,230
DA:93,230
DA:95,158
DA:97,156
DA:98,156
DA:99,156
DA:101,81
DA:102,10
DA:106,156
DA:108,75
DA:109,9
DA:114,2
DA:115,2
DA:116,2
DA:117,2
DA:124,72
DA:125,72
DA:126,3
DA:129,227
LF:47
LH:47
BRDA:9,0,0,2
BRDA:9,0,1,2
BRDA:44,1,0,38
BRDA:55,2,0,14
BRDA:72,3,0,90
BRDA:79,4,0,23
BRDA:93,5,0,158
BRDA:93,5,1,72
BRDA:95,6,0,156
BRDA:95,6,1,2
BRDA:99,7,0,81
BRDA:101,8,0,10
BRDA:106,9,0,75
BRDA:108,10,0,9
BRDA:125,11,0,3
BRF:15
BRH:15
end_of_record
TN:
SF:src/webStorage.ts
FN:19,(anonymous_0)
FN:50,(anonymous_1)
FN:60,(anonymous_2)
FN:70,(anonymous_3)
FN:96,(anonymous_4)
FN:102,(anonymous_5)
FN:108,(anonymous_6)
FN:122,(anonymous_7)
FN:126,(anonymous_8)
FN:130,(anonymous_9)
FN:140,(anonymous_10)
FN:144,(anonymous_11)
FNF:12
FNH:12
FNDA:76,(anonymous_0)
FNDA:39,(anonymous_1)
FNDA:37,(anonymous_2)
FNDA:40,(anonymous_3)
FNDA:20,(anonymous_4)
FNDA:20,(anonymous_5)
FNDA:22,(anonymous_6)
FNDA:11,(anonymous_7)
FNDA:11,(anonymous_8)
FNDA:22,(anonymous_9)
FNDA:12,(anonymous_10)
FNDA:10,(anonymous_11)
DA:1,2
DA:3,2
DA:9,2
DA:19,2
DA:24,76
DA:25,76
DA:28,12
DA:29,12
DA:34,12
DA:35,6
DA:37,6
DA:38,2
DA:44,4
DA:46,64
DA:50,2
DA:53,39
DA:60,2
DA:63,37
DA:70,2
DA:75,40
DA:76,40
DA:79,7
DA:80,5
DA:85,5
DA:87,4
DA:89,5
DA:91,2
DA:96,2
DA:99,20
DA:102,2
DA:105,20
DA:108,2
DA:113,22
DA:114,22
DA:117,2
DA:119,22
DA:122,2
DA:123,11
DA:126,2
DA:127,11
DA:130,2
DA:131,22
DA:132,22
DA:133,4
DA:135,4
DA:137,22
DA:140,2
DA:141,12
DA:144,2
DA:145,10
LF:50
LH:50
BRDA:25,0,0,12
BRDA:25,0,1,64
BRDA:34,1,0,6
BRDA:37,2,0,2
BRDA:79,3,0,5
BRDA:79,3,1,2
BRDA:79,4,0,7
BRDA:79,4,1,5
BRDA:85,5,0,4
BRDA:114,6,0,2
BRDA:132,7,0,4
BRF:11
BRH:11
end_of_record
